This file contains any messages produced by compilers while
running configure, to aid debugging if configure makes a mistake.

It was created by configure, which was
generated by GNU Autoconf 2.68.  Invocation command line was

  $ ./configure 

## --------- ##
## Platform. ##
## --------- ##

hostname = floating-eye
uname -m = x86_64
uname -r = 3.2.0-38-generic
uname -s = Linux
uname -v = #61-Ubuntu SMP Tue Feb 19 12:18:21 UTC 2013

/usr/bin/uname -p = unknown
/bin/uname -X     = unknown

/bin/arch              = unknown
/usr/bin/arch -k       = unknown
/usr/convex/getsysinfo = unknown
/usr/bin/hostinfo      = unknown
/bin/machine           = unknown
/usr/bin/oslevel       = unknown
/bin/universe          = unknown

PATH: /usr/local/sbin
PATH: /usr/local/bin
PATH: /usr/sbin
PATH: /usr/bin
PATH: /sbin
PATH: /bin
PATH: /usr/games
PATH: /usr/local/tex/bin


## ----------- ##
## Core tests. ##
## ----------- ##

configure:2323: checking for a BSD-compatible install
configure:2391: result: /usr/bin/install -c
configure:2402: checking whether build environment is sane
configure:2452: result: yes
configure:2593: checking for a thread-safe mkdir -p
configure:2632: result: /bin/mkdir -p
configure:2645: checking for gawk
configure:2661: found /usr/bin/gawk
configure:2672: result: gawk
configure:2683: checking whether make sets $(MAKE)
configure:2705: result: yes
configure:2853: checking for g++
configure:2869: found /usr/bin/g++
configure:2880: result: g++
configure:2907: checking for C++ compiler version
configure:2916: g++ --version >&5
g++ (Ubuntu/Linaro 4.6.3-1ubuntu5) 4.6.3
Copyright (C) 2011 Free Software Foundation, Inc.
This is free software; see the source for copying conditions.  There is NO
warranty; not even for MERCHANTABILITY or FITNESS FOR A PARTICULAR PURPOSE.

configure:2927: $? = 0
configure:2916: g++ -v >&5
Using built-in specs.
COLLECT_GCC=g++
COLLECT_LTO_WRAPPER=/usr/lib/gcc/x86_64-linux-gnu/4.6/lto-wrapper
Target: x86_64-linux-gnu
Configured with: ../src/configure -v --with-pkgversion='Ubuntu/Linaro 4.6.3-1ubuntu5' --with-bugurl=file:///usr/share/doc/gcc-4.6/README.Bugs --enable-languages=c,c++,fortran,objc,obj-c++ --prefix=/usr --program-suffix=-4.6 --enable-shared --enable-linker-build-id --with-system-zlib --libexecdir=/usr/lib --without-included-gettext --enable-threads=posix --with-gxx-include-dir=/usr/include/c++/4.6 --libdir=/usr/lib --enable-nls --with-sysroot=/ --enable-clocale=gnu --enable-libstdcxx-debug --enable-libstdcxx-time=yes --enable-gnu-unique-object --enable-plugin --enable-objc-gc --disable-werror --with-arch-32=i686 --with-tune=generic --enable-checking=release --build=x86_64-linux-gnu --host=x86_64-linux-gnu --target=x86_64-linux-gnu
Thread model: posix
gcc version 4.6.3 (Ubuntu/Linaro 4.6.3-1ubuntu5) 
configure:2927: $? = 0
configure:2916: g++ -V >&5
g++: error: unrecognized option '-V'
g++: fatal error: no input files
compilation terminated.
configure:2927: $? = 4
configure:2916: g++ -qversion >&5
g++: error: unrecognized option '-qversion'
g++: fatal error: no input files
compilation terminated.
configure:2927: $? = 4
configure:2947: checking whether the C++ compiler works
configure:2969: g++    conftest.cpp  >&5
configure:2973: $? = 0
configure:3021: result: yes
configure:3024: checking for C++ compiler default output file name
configure:3026: result: a.out
configure:3032: checking for suffix of executables
configure:3039: g++ -o conftest    conftest.cpp  >&5
configure:3043: $? = 0
configure:3065: result: 
configure:3087: checking whether we are cross compiling
configure:3095: g++ -o conftest    conftest.cpp  >&5
configure:3099: $? = 0
configure:3106: ./conftest
configure:3110: $? = 0
configure:3125: result: no
configure:3130: checking for suffix of object files
configure:3152: g++ -c   conftest.cpp >&5
configure:3156: $? = 0
configure:3177: result: o
configure:3181: checking whether we are using the GNU C++ compiler
configure:3200: g++ -c   conftest.cpp >&5
configure:3200: $? = 0
configure:3209: result: yes
configure:3218: checking whether g++ accepts -g
configure:3238: g++ -c -g  conftest.cpp >&5
configure:3238: $? = 0
configure:3279: result: yes
configure:3313: checking for style of include used by make
configure:3341: result: GNU
configure:3367: checking dependency style of g++
configure:3478: result: gcc3
configure:3522: checking build system type
configure:3536: result: x86_64-unknown-linux-gnu
configure:3556: checking host system type
configure:3569: result: x86_64-unknown-linux-gnu
configure:3610: checking how to print strings
configure:3637: result: printf
configure:3706: checking for gcc
configure:3722: found /usr/bin/gcc
configure:3733: result: gcc
configure:3962: checking for C compiler version
configure:3971: gcc --version >&5
gcc (Ubuntu/Linaro 4.6.3-1ubuntu5) 4.6.3
Copyright (C) 2011 Free Software Foundation, Inc.
This is free software; see the source for copying conditions.  There is NO
warranty; not even for MERCHANTABILITY or FITNESS FOR A PARTICULAR PURPOSE.

configure:3982: $? = 0
configure:3971: gcc -v >&5
Using built-in specs.
COLLECT_GCC=gcc
COLLECT_LTO_WRAPPER=/usr/lib/gcc/x86_64-linux-gnu/4.6/lto-wrapper
Target: x86_64-linux-gnu
Configured with: ../src/configure -v --with-pkgversion='Ubuntu/Linaro 4.6.3-1ubuntu5' --with-bugurl=file:///usr/share/doc/gcc-4.6/README.Bugs --enable-languages=c,c++,fortran,objc,obj-c++ --prefix=/usr --program-suffix=-4.6 --enable-shared --enable-linker-build-id --with-system-zlib --libexecdir=/usr/lib --without-included-gettext --enable-threads=posix --with-gxx-include-dir=/usr/include/c++/4.6 --libdir=/usr/lib --enable-nls --with-sysroot=/ --enable-clocale=gnu --enable-libstdcxx-debug --enable-libstdcxx-time=yes --enable-gnu-unique-object --enable-plugin --enable-objc-gc --disable-werror --with-arch-32=i686 --with-tune=generic --enable-checking=release --build=x86_64-linux-gnu --host=x86_64-linux-gnu --target=x86_64-linux-gnu
Thread model: posix
gcc version 4.6.3 (Ubuntu/Linaro 4.6.3-1ubuntu5) 
configure:3982: $? = 0
configure:3971: gcc -V >&5
gcc: error: unrecognized option '-V'
gcc: fatal error: no input files
compilation terminated.
configure:3982: $? = 4
configure:3971: gcc -qversion >&5
gcc: error: unrecognized option '-qversion'
gcc: fatal error: no input files
compilation terminated.
configure:3982: $? = 4
configure:3986: checking whether we are using the GNU C compiler
configure:4005: gcc -c   conftest.c >&5
configure:4005: $? = 0
configure:4014: result: yes
configure:4023: checking whether gcc accepts -g
configure:4043: gcc -c -g  conftest.c >&5
configure:4043: $? = 0
configure:4084: result: yes
configure:4101: checking for gcc option to accept ISO C89
configure:4165: gcc  -c -g -O2  conftest.c >&5
configure:4165: $? = 0
configure:4178: result: none needed
configure:4200: checking dependency style of gcc
configure:4311: result: gcc3
configure:4326: checking for a sed that does not truncate output
configure:4390: result: /bin/sed
configure:4408: checking for grep that handles long lines and -e
configure:4466: result: /bin/grep
configure:4471: checking for egrep
configure:4533: result: /bin/grep -E
configure:4538: checking for fgrep
configure:4600: result: /bin/grep -F
configure:4635: checking for ld used by gcc
configure:4702: result: /usr/bin/ld
configure:4709: checking if the linker (/usr/bin/ld) is GNU ld
configure:4724: result: yes
configure:4736: checking for BSD- or MS-compatible name lister (nm)
configure:4785: result: /usr/bin/nm -B
configure:4915: checking the name lister (/usr/bin/nm -B) interface
configure:4922: g++ -c -g -O2  conftest.cpp >&5
configure:4925: /usr/bin/nm -B "conftest.o"
configure:4928: output
0000000000000000 B some_variable
configure:4935: result: BSD nm
configure:4938: checking whether ln -s works
configure:4942: result: yes
configure:4950: checking the maximum length of command line arguments
configure:5080: result: 1572864
configure:5097: checking whether the shell understands some XSI constructs
configure:5107: result: yes
configure:5111: checking whether the shell understands "+="
configure:5117: result: yes
configure:5152: checking how to convert x86_64-unknown-linux-gnu file names to x86_64-unknown-linux-gnu format
configure:5192: result: func_convert_file_noop
configure:5199: checking how to convert x86_64-unknown-linux-gnu file names to toolchain format
configure:5219: result: func_convert_file_noop
configure:5226: checking for /usr/bin/ld option to reload object files
configure:5233: result: -r
configure:5307: checking for objdump
configure:5323: found /usr/bin/objdump
configure:5334: result: objdump
configure:5366: checking how to recognize dependent libraries
configure:5568: result: pass_all
configure:5653: checking for dlltool
configure:5683: result: no
configure:5713: checking how to associate runtime and link libraries
configure:5740: result: printf %s\n
configure:5801: checking for ar
configure:5817: found /usr/bin/ar
configure:5828: result: ar
configure:5865: checking for archiver @FILE support
configure:5882: g++ -c -g -O2  conftest.cpp >&5
configure:5882: $? = 0
configure:5885: ar cru libconftest.a @conftest.lst >&5
configure:5888: $? = 0
configure:5893: ar cru libconftest.a @conftest.lst >&5
ar: conftest.o: No such file or directory
configure:5896: $? = 1
configure:5908: result: @
configure:5966: checking for strip
configure:5982: found /usr/bin/strip
configure:5993: result: strip
configure:6065: checking for ranlib
configure:6081: found /usr/bin/ranlib
configure:6092: result: ranlib
configure:6194: checking command to parse /usr/bin/nm -B output from gcc object
configure:6314: g++ -c -g -O2  conftest.cpp >&5
configure:6317: $? = 0
configure:6321: /usr/bin/nm -B conftest.o \| sed -n -e 's/^.*[ ]\([ABCDGIRSTW][ABCDGIRSTW]*\)[ ][ ]*\([_A-Za-z][_A-Za-z0-9]*\)$/\1 \2 \2/p' | sed '/ __gnu_lto/d' \> conftest.nm
configure:6324: $? = 0
configure:6390: g++ -o conftest -g -O2   conftest.cpp conftstm.o >&5
configure:6393: $? = 0
configure:6431: result: ok
configure:6468: checking for sysroot
configure:6498: result: no
configure:6576: g++ -c -g -O2  conftest.cpp >&5
configure:6579: $? = 0
configure:6755: checking for mt
configure:6771: found /bin/mt
configure:6782: result: mt
configure:6805: checking if mt is a manifest tool
configure:6811: mt '-?'
configure:6819: result: no
configure:7461: checking how to run the C preprocessor
configure:7492: gcc -E  conftest.c
configure:7492: $? = 0
configure:7506: gcc -E  conftest.c
conftest.c:11:28: fatal error: ac_nonexistent.h: No such file or directory
compilation terminated.
configure:7506: $? = 1
configure: failed program was:
| /* confdefs.h */
| #define PACKAGE_NAME ""
| #define PACKAGE_TARNAME ""
| #define PACKAGE_VERSION ""
| #define PACKAGE_STRING ""
| #define PACKAGE_BUGREPORT ""
| #define PACKAGE_URL ""
| #define PACKAGE "SampleApp"
| #define VERSION "0.1"
| /* end confdefs.h.  */
| #include <ac_nonexistent.h>
configure:7531: result: gcc -E
configure:7551: gcc -E  conftest.c
configure:7551: $? = 0
configure:7565: gcc -E  conftest.c
conftest.c:11:28: fatal error: ac_nonexistent.h: No such file or directory
compilation terminated.
configure:7565: $? = 1
configure: failed program was:
| /* confdefs.h */
| #define PACKAGE_NAME ""
| #define PACKAGE_TARNAME ""
| #define PACKAGE_VERSION ""
| #define PACKAGE_STRING ""
| #define PACKAGE_BUGREPORT ""
| #define PACKAGE_URL ""
| #define PACKAGE "SampleApp"
| #define VERSION "0.1"
| /* end confdefs.h.  */
| #include <ac_nonexistent.h>
configure:7594: checking for ANSI C header files
configure:7614: gcc -c -g -O2  conftest.c >&5
configure:7614: $? = 0
configure:7687: gcc -o conftest -g -O2   conftest.c  >&5
configure:7687: $? = 0
configure:7687: ./conftest
configure:7687: $? = 0
configure:7698: result: yes
configure:7711: checking for sys/types.h
configure:7711: gcc -c -g -O2  conftest.c >&5
configure:7711: $? = 0
configure:7711: result: yes
configure:7711: checking for sys/stat.h
configure:7711: gcc -c -g -O2  conftest.c >&5
configure:7711: $? = 0
configure:7711: result: yes
configure:7711: checking for stdlib.h
configure:7711: gcc -c -g -O2  conftest.c >&5
configure:7711: $? = 0
configure:7711: result: yes
configure:7711: checking for string.h
configure:7711: gcc -c -g -O2  conftest.c >&5
configure:7711: $? = 0
configure:7711: result: yes
configure:7711: checking for memory.h
configure:7711: gcc -c -g -O2  conftest.c >&5
configure:7711: $? = 0
configure:7711: result: yes
configure:7711: checking for strings.h
configure:7711: gcc -c -g -O2  conftest.c >&5
configure:7711: $? = 0
configure:7711: result: yes
configure:7711: checking for inttypes.h
configure:7711: gcc -c -g -O2  conftest.c >&5
configure:7711: $? = 0
configure:7711: result: yes
configure:7711: checking for stdint.h
configure:7711: gcc -c -g -O2  conftest.c >&5
configure:7711: $? = 0
configure:7711: result: yes
configure:7711: checking for unistd.h
configure:7711: gcc -c -g -O2  conftest.c >&5
configure:7711: $? = 0
configure:7711: result: yes
configure:7725: checking for dlfcn.h
configure:7725: gcc -c -g -O2  conftest.c >&5
configure:7725: $? = 0
configure:7725: result: yes
configure:7941: checking for objdir
configure:7956: result: .libs
configure:8223: checking if gcc supports -fno-rtti -fno-exceptions
configure:8241: gcc -c -g -O2  -fno-rtti -fno-exceptions conftest.c >&5
cc1: warning: command line option '-fno-rtti' is valid for C++/ObjC++ but not for C [enabled by default]
configure:8245: $? = 0
configure:8258: result: no
configure:8585: checking for gcc option to produce PIC
configure:8592: result: -fPIC -DPIC
configure:8600: checking if gcc PIC flag -fPIC -DPIC works
configure:8618: gcc -c -g -O2  -fPIC -DPIC -DPIC conftest.c >&5
configure:8622: $? = 0
configure:8635: result: yes
configure:8664: checking if gcc static flag -static works
configure:8692: result: yes
configure:8707: checking if gcc supports -c -o file.o
configure:8728: gcc -c -g -O2  -o out/conftest2.o conftest.c >&5
configure:8732: $? = 0
configure:8754: result: yes
configure:8762: checking if gcc supports -c -o file.o
configure:8809: result: yes
configure:8842: checking whether the gcc linker (/usr/bin/ld -m elf_x86_64) supports shared libraries
configure:9999: result: yes
configure:10036: checking whether -lc should be explicitly linked in
configure:10044: gcc -c -g -O2  conftest.c >&5
configure:10047: $? = 0
configure:10062: gcc -shared  -fPIC -DPIC conftest.o  -v -Wl,-soname -Wl,conftest -o conftest 2\>\&1 \| /bin/grep  -lc  \>/dev/null 2\>\&1
configure:10065: $? = 0
configure:10079: result: no
configure:10239: checking dynamic linker characteristics
configure:10750: gcc -o conftest -g -O2   -Wl,-rpath -Wl,/foo conftest.c  >&5
configure:10750: $? = 0
configure:10984: result: GNU/Linux ld.so
configure:11091: checking how to hardcode library paths into programs
configure:11116: result: immediate
configure:11656: checking whether stripping libraries is possible
configure:11661: result: yes
configure:11696: checking if libtool supports shared libraries
configure:11698: result: yes
configure:11701: checking whether to build shared libraries
configure:11722: result: yes
configure:11725: checking whether to build static libraries
configure:11729: result: yes
configure:11752: checking how to run the C++ preprocessor
configure:11779: g++ -E  conftest.cpp
configure:11779: $? = 0
configure:11793: g++ -E  conftest.cpp
conftest.cpp:23:28: fatal error: ac_nonexistent.h: No such file or directory
compilation terminated.
configure:11793: $? = 1
configure: failed program was:
| /* confdefs.h */
| #define PACKAGE_NAME ""
| #define PACKAGE_TARNAME ""
| #define PACKAGE_VERSION ""
| #define PACKAGE_STRING ""
| #define PACKAGE_BUGREPORT ""
| #define PACKAGE_URL ""
| #define PACKAGE "SampleApp"
| #define VERSION "0.1"
| #define STDC_HEADERS 1
| #define HAVE_SYS_TYPES_H 1
| #define HAVE_SYS_STAT_H 1
| #define HAVE_STDLIB_H 1
| #define HAVE_STRING_H 1
| #define HAVE_MEMORY_H 1
| #define HAVE_STRINGS_H 1
| #define HAVE_INTTYPES_H 1
| #define HAVE_STDINT_H 1
| #define HAVE_UNISTD_H 1
| #define HAVE_DLFCN_H 1
| #define LT_OBJDIR ".libs/"
| /* end confdefs.h.  */
| #include <ac_nonexistent.h>
configure:11818: result: g++ -E
configure:11838: g++ -E  conftest.cpp
configure:11838: $? = 0
configure:11852: g++ -E  conftest.cpp
conftest.cpp:23:28: fatal error: ac_nonexistent.h: No such file or directory
compilation terminated.
configure:11852: $? = 1
configure: failed program was:
| /* confdefs.h */
| #define PACKAGE_NAME ""
| #define PACKAGE_TARNAME ""
| #define PACKAGE_VERSION ""
| #define PACKAGE_STRING ""
| #define PACKAGE_BUGREPORT ""
| #define PACKAGE_URL ""
| #define PACKAGE "SampleApp"
| #define VERSION "0.1"
| #define STDC_HEADERS 1
| #define HAVE_SYS_TYPES_H 1
| #define HAVE_SYS_STAT_H 1
| #define HAVE_STDLIB_H 1
| #define HAVE_STRING_H 1
| #define HAVE_MEMORY_H 1
| #define HAVE_STRINGS_H 1
| #define HAVE_INTTYPES_H 1
| #define HAVE_STDINT_H 1
| #define HAVE_UNISTD_H 1
| #define HAVE_DLFCN_H 1
| #define LT_OBJDIR ".libs/"
| /* end confdefs.h.  */
| #include <ac_nonexistent.h>
configure:12021: checking for ld used by g++
configure:12088: result: /usr/bin/ld -m elf_x86_64
configure:12095: checking if the linker (/usr/bin/ld -m elf_x86_64) is GNU ld
configure:12110: result: yes
configure:12165: checking whether the g++ linker (/usr/bin/ld -m elf_x86_64) supports shared libraries
configure:13170: result: yes
configure:13206: g++ -c -g -O2  conftest.cpp >&5
configure:13209: $? = 0
configure:13729: checking for g++ option to produce PIC
configure:13736: result: -fPIC -DPIC
configure:13744: checking if g++ PIC flag -fPIC -DPIC works
configure:13762: g++ -c -g -O2  -fPIC -DPIC -DPIC conftest.cpp >&5
configure:13766: $? = 0
configure:13779: result: yes
configure:13802: checking if g++ static flag -static works
configure:13830: result: yes
configure:13842: checking if g++ supports -c -o file.o
configure:13863: g++ -c -g -O2  -o out/conftest2.o conftest.cpp >&5
configure:13867: $? = 0
configure:13889: result: yes
configure:13894: checking if g++ supports -c -o file.o
configure:13941: result: yes
configure:13971: checking whether the g++ linker (/usr/bin/ld -m elf_x86_64) supports shared libraries
configure:14010: result: yes
configure:14151: checking dynamic linker characteristics
configure:14830: result: GNU/Linux ld.so
configure:14883: checking how to hardcode library paths into programs
configure:14908: result: immediate
configure:15024: checking for pkg-config
configure:15042: found /usr/bin/pkg-config
configure:15054: result: /usr/bin/pkg-config
configure:15079: checking pkg-config is at least version 0.9.0
configure:15082: result: yes
configure:15092: checking for OGRE
configure:15099: $PKG_CONFIG --exists --print-errors "OGRE >= 1.2"
configure:15102: $? = 0
configure:15116: $PKG_CONFIG --exists --print-errors "OGRE >= 1.2"
configure:15119: $? = 0
configure:15177: result: yes
configure:15186: checking for OGRE_TERRAIN
configure:15193: $PKG_CONFIG --exists --print-errors "OGRE-Terrain >= 1.2"
configure:15196: $? = 0
configure:15210: $PKG_CONFIG --exists --print-errors "OGRE-Terrain >= 1.2"
configure:15213: $? = 0
configure:15271: result: yes
configure:15280: checking for CEGUI
configure:15287: $PKG_CONFIG --exists --print-errors "CEGUI >= 0.7"
configure:15290: $? = 0
configure:15304: $PKG_CONFIG --exists --print-errors "CEGUI >= 0.7"
configure:15307: $? = 0
configure:15365: result: yes
configure:15374: checking for CEGUI_OGRE
configure:15381: $PKG_CONFIG --exists --print-errors "CEGUI-OGRE >= 0.7"
configure:15384: $? = 0
configure:15398: $PKG_CONFIG --exists --print-errors "CEGUI-OGRE >= 0.7"
configure:15401: $? = 0
configure:15459: result: yes
configure:15468: checking for OIS
configure:15475: $PKG_CONFIG --exists --print-errors "OIS >= 1.0"
configure:15478: $? = 0
configure:15492: $PKG_CONFIG --exists --print-errors "OIS >= 1.0"
configure:15495: $? = 0
configure:15553: result: yes
configure:15562: checking for bullet
configure:15569: $PKG_CONFIG --exists --print-errors "bullet >= 2.79"
configure:15572: $? = 0
configure:15586: $PKG_CONFIG --exists --print-errors "bullet >= 2.79"
configure:15589: $? = 0
configure:15647: result: yes
configure:15656: checking for sdl
configure:15663: $PKG_CONFIG --exists --print-errors "sdl >= 0.0"
configure:15666: $? = 0
configure:15680: $PKG_CONFIG --exists --print-errors "sdl >= 0.0"
configure:15683: $? = 0
configure:15741: result: yes
configure:15884: creating ./config.status

## ---------------------- ##
## Running config.status. ##
## ---------------------- ##

This file was extended by config.status, which was
generated by GNU Autoconf 2.68.  Invocation command line was

  CONFIG_FILES    = 
  CONFIG_HEADERS  = 
  CONFIG_LINKS    = 
  CONFIG_COMMANDS = 
  $ ./config.status 

on floating-eye

config.status:1170: creating Makefile
config.status:1170: creating config.h
config.status:1351: config.h is unchanged
config.status:1399: executing depfiles commands
config.status:1399: executing libtool commands

## ---------------- ##
## Cache variables. ##
## ---------------- ##

ac_cv_build=x86_64-unknown-linux-gnu
ac_cv_c_compiler_gnu=yes
ac_cv_cxx_compiler_gnu=yes
ac_cv_env_CCC_set=
ac_cv_env_CCC_value=
ac_cv_env_CC_set=
ac_cv_env_CC_value=
ac_cv_env_CEGUI_CFLAGS_set=
ac_cv_env_CEGUI_CFLAGS_value=
ac_cv_env_CEGUI_LIBS_set=
ac_cv_env_CEGUI_LIBS_value=
ac_cv_env_CEGUI_OGRE_CFLAGS_set=
ac_cv_env_CEGUI_OGRE_CFLAGS_value=
ac_cv_env_CEGUI_OGRE_LIBS_set=
ac_cv_env_CEGUI_OGRE_LIBS_value=
ac_cv_env_CFLAGS_set=
ac_cv_env_CFLAGS_value=
ac_cv_env_CPPFLAGS_set=
ac_cv_env_CPPFLAGS_value=
ac_cv_env_CPP_set=
ac_cv_env_CPP_value=
ac_cv_env_CXXCPP_set=
ac_cv_env_CXXCPP_value=
ac_cv_env_CXXFLAGS_set=
ac_cv_env_CXXFLAGS_value=
ac_cv_env_CXX_set=
ac_cv_env_CXX_value=
ac_cv_env_LDFLAGS_set=
ac_cv_env_LDFLAGS_value=
ac_cv_env_LIBS_set=
ac_cv_env_LIBS_value=
ac_cv_env_OGRE_CFLAGS_set=
ac_cv_env_OGRE_CFLAGS_value=
ac_cv_env_OGRE_LIBS_set=
ac_cv_env_OGRE_LIBS_value=
ac_cv_env_OGRE_TERRAIN_CFLAGS_set=
ac_cv_env_OGRE_TERRAIN_CFLAGS_value=
ac_cv_env_OGRE_TERRAIN_LIBS_set=
ac_cv_env_OGRE_TERRAIN_LIBS_value=
ac_cv_env_OIS_CFLAGS_set=
ac_cv_env_OIS_CFLAGS_value=
ac_cv_env_OIS_LIBS_set=
ac_cv_env_OIS_LIBS_value=
ac_cv_env_PKG_CONFIG_LIBDIR_set=
ac_cv_env_PKG_CONFIG_LIBDIR_value=
ac_cv_env_PKG_CONFIG_PATH_set=
ac_cv_env_PKG_CONFIG_PATH_value=
ac_cv_env_PKG_CONFIG_set=
ac_cv_env_PKG_CONFIG_value=
ac_cv_env_build_alias_set=
ac_cv_env_build_alias_value=
ac_cv_env_bullet_CFLAGS_set=
ac_cv_env_bullet_CFLAGS_value=
ac_cv_env_bullet_LIBS_set=
ac_cv_env_bullet_LIBS_value=
ac_cv_env_host_alias_set=
ac_cv_env_host_alias_value=
ac_cv_env_sdl_CFLAGS_set=
ac_cv_env_sdl_CFLAGS_value=
ac_cv_env_sdl_LIBS_set=
ac_cv_env_sdl_LIBS_value=
ac_cv_env_target_alias_set=
ac_cv_env_target_alias_value=
ac_cv_header_dlfcn_h=yes
ac_cv_header_inttypes_h=yes
ac_cv_header_memory_h=yes
ac_cv_header_stdc=yes
ac_cv_header_stdint_h=yes
ac_cv_header_stdlib_h=yes
ac_cv_header_string_h=yes
ac_cv_header_strings_h=yes
ac_cv_header_sys_stat_h=yes
ac_cv_header_sys_types_h=yes
ac_cv_header_unistd_h=yes
ac_cv_host=x86_64-unknown-linux-gnu
ac_cv_objext=o
ac_cv_path_EGREP='/bin/grep -E'
ac_cv_path_FGREP='/bin/grep -F'
ac_cv_path_GREP=/bin/grep
ac_cv_path_SED=/bin/sed
ac_cv_path_ac_pt_PKG_CONFIG=/usr/bin/pkg-config
ac_cv_path_install='/usr/bin/install -c'
ac_cv_path_mkdir=/bin/mkdir
ac_cv_prog_AWK=gawk
ac_cv_prog_CPP='gcc -E'
ac_cv_prog_CXXCPP='g++ -E'
ac_cv_prog_ac_ct_AR=ar
ac_cv_prog_ac_ct_CC=gcc
ac_cv_prog_ac_ct_CXX=g++
ac_cv_prog_ac_ct_MANIFEST_TOOL=mt
ac_cv_prog_ac_ct_OBJDUMP=objdump
ac_cv_prog_ac_ct_RANLIB=ranlib
ac_cv_prog_ac_ct_STRIP=strip
ac_cv_prog_cc_c89=
ac_cv_prog_cc_g=yes
ac_cv_prog_cxx_g=yes
ac_cv_prog_make_make_set=yes
am_cv_CC_dependencies_compiler_type=gcc3
am_cv_CXX_dependencies_compiler_type=gcc3
lt_cv_ar_at_file=@
lt_cv_archive_cmds_need_lc=no
lt_cv_deplibs_check_method=pass_all
lt_cv_file_magic_cmd='$MAGIC_CMD'
lt_cv_file_magic_test_file=
lt_cv_ld_reload_flag=-r
lt_cv_nm_interface='BSD nm'
lt_cv_objdir=.libs
lt_cv_path_LD=/usr/bin/ld
lt_cv_path_LDCXX='/usr/bin/ld -m elf_x86_64'
lt_cv_path_NM='/usr/bin/nm -B'
lt_cv_path_mainfest_tool=no
lt_cv_prog_compiler_c_o=yes
lt_cv_prog_compiler_c_o_CXX=yes
lt_cv_prog_compiler_pic='-fPIC -DPIC'
lt_cv_prog_compiler_pic_CXX='-fPIC -DPIC'
lt_cv_prog_compiler_pic_works=yes
lt_cv_prog_compiler_pic_works_CXX=yes
lt_cv_prog_compiler_rtti_exceptions=no
lt_cv_prog_compiler_static_works=yes
lt_cv_prog_compiler_static_works_CXX=yes
lt_cv_prog_gnu_ld=yes
lt_cv_prog_gnu_ldcxx=yes
lt_cv_sharedlib_from_linklib_cmd='printf %s\n'
lt_cv_shlibpath_overrides_runpath=no
lt_cv_sys_global_symbol_pipe='sed -n -e '\''s/^.*[	 ]\([ABCDGIRSTW][ABCDGIRSTW]*\)[	 ][	 ]*\([_A-Za-z][_A-Za-z0-9]*\)$/\1 \2 \2/p'\'' | sed '\''/ __gnu_lto/d'\'''
lt_cv_sys_global_symbol_to_c_name_address='sed -n -e '\''s/^: \([^ ]*\)[ ]*$/  {\"\1\", (void *) 0},/p'\'' -e '\''s/^[ABCDGIRSTW]* \([^ ]*\) \([^ ]*\)$/  {"\2", (void *) \&\2},/p'\'''
lt_cv_sys_global_symbol_to_c_name_address_lib_prefix='sed -n -e '\''s/^: \([^ ]*\)[ ]*$/  {\"\1\", (void *) 0},/p'\'' -e '\''s/^[ABCDGIRSTW]* \([^ ]*\) \(lib[^ ]*\)$/  {"\2", (void *) \&\2},/p'\'' -e '\''s/^[ABCDGIRSTW]* \([^ ]*\) \([^ ]*\)$/  {"lib\2", (void *) \&\2},/p'\'''
lt_cv_sys_global_symbol_to_cdecl='sed -n -e '\''s/^T .* \(.*\)$/extern int \1();/p'\'' -e '\''s/^[ABCDGIRSTW]* .* \(.*\)$/extern char \1;/p'\'''
lt_cv_sys_max_cmd_len=1572864
lt_cv_to_host_file_cmd=func_convert_file_noop
lt_cv_to_tool_file_cmd=func_convert_file_noop
pkg_cv_CEGUI_CFLAGS='-I/lusr/opt/cegui-0.7.6/include -I/lusr/opt/cegui-0.7.6/include/CEGUI  '
pkg_cv_CEGUI_LIBS='-L/lusr/opt/cegui-0.7.6/lib -lCEGUIBase  '
pkg_cv_CEGUI_OGRE_CFLAGS='-pthread -I/lusr/opt/cegui-0.7.6/include -I/lusr/opt/cegui-0.7.6/include/CEGUI -I/usr/include/OGRE  '
pkg_cv_CEGUI_OGRE_LIBS='-L/lusr/opt/cegui-0.7.6/lib -lCEGUIOgreRenderer -lOgreMain -lpthread -lCEGUIBase  '
pkg_cv_OGRE_CFLAGS='-pthread -I/usr/include/OGRE  '
pkg_cv_OGRE_LIBS='-lOgreMain -lpthread  '
pkg_cv_OGRE_TERRAIN_CFLAGS='-pthread -I/usr/include/OGRE/Terrain -I/usr/include/OGRE -I/usr/include/OGRE/Paging  '
pkg_cv_OGRE_TERRAIN_LIBS='-lOgreTerrain -lOgrePaging -lOgreMain -lpthread  '
pkg_cv_OIS_CFLAGS='-I/usr/include/OIS  '
pkg_cv_OIS_LIBS='-lOIS  '
pkg_cv_bullet_CFLAGS='-I/usr/local/include/bullet  '
pkg_cv_bullet_LIBS='-L/usr/local/lib -lBulletSoftBody -lBulletDynamics -lBulletCollision -lLinearMath  '
pkg_cv_sdl_CFLAGS='-D_GNU_SOURCE=1 -D_REENTRANT -I/usr/include/SDL  '
pkg_cv_sdl_LIBS='-lSDL  '

## ----------------- ##
## Output variables. ##
## ----------------- ##

ACLOCAL='${SHELL} /v/filer4b/v38q001/wlee/CS378-GT/project1_wonjun/missing --run aclocal-1.11'
AMDEPBACKSLASH='\'
AMDEP_FALSE='#'
AMDEP_TRUE=''
AMTAR='$${TAR-tar}'
AR='ar'
AUTOCONF='${SHELL} /v/filer4b/v38q001/wlee/CS378-GT/project1_wonjun/missing --run autoconf'
AUTOHEADER='${SHELL} /v/filer4b/v38q001/wlee/CS378-GT/project1_wonjun/missing --run autoheader'
AUTOMAKE='${SHELL} /v/filer4b/v38q001/wlee/CS378-GT/project1_wonjun/missing --run automake-1.11'
AWK='gawk'
BULLET_CFLAGS=''
BULLET_LIBS=''
CC='gcc'
CCDEPMODE='depmode=gcc3'
CEGUI_CFLAGS='-I/lusr/opt/cegui-0.7.6/include -I/lusr/opt/cegui-0.7.6/include/CEGUI  '
CEGUI_LIBS='-L/lusr/opt/cegui-0.7.6/lib -lCEGUIBase  '
CEGUI_OGRE_CFLAGS='-pthread -I/lusr/opt/cegui-0.7.6/include -I/lusr/opt/cegui-0.7.6/include/CEGUI -I/usr/include/OGRE  '
CEGUI_OGRE_LIBS='-L/lusr/opt/cegui-0.7.6/lib -lCEGUIOgreRenderer -lOgreMain -lpthread -lCEGUIBase  '
CFLAGS='-g -O2'
CPP='gcc -E'
CPPFLAGS=''
CXX='g++'
CXXCPP='g++ -E'
CXXDEPMODE='depmode=gcc3'
CXXFLAGS='-g -O2'
CYGPATH_W='echo'
DEFS='-DHAVE_CONFIG_H'
DEPDIR='.deps'
DLLTOOL='false'
DSYMUTIL=''
DUMPBIN=''
ECHO_C=''
ECHO_N='-n'
ECHO_T=''
EGREP='/bin/grep -E'
EXEEXT=''
FGREP='/bin/grep -F'
GREP='/bin/grep'
INSTALL_DATA='${INSTALL} -m 644'
INSTALL_PROGRAM='${INSTALL}'
INSTALL_SCRIPT='${INSTALL}'
INSTALL_STRIP_PROGRAM='$(install_sh) -c -s'
LD='/usr/bin/ld -m elf_x86_64'
LDFLAGS=''
LIBOBJS=''
LIBS=''
LIBTOOL='$(SHELL) $(top_builddir)/libtool'
LIPO=''
LN_S='ln -s'
LTLIBOBJS=''
MAKEINFO='${SHELL} /v/filer4b/v38q001/wlee/CS378-GT/project1_wonjun/missing --run makeinfo'
MANIFEST_TOOL=':'
MKDIR_P='/bin/mkdir -p'
NM='/usr/bin/nm -B'
NMEDIT=''
OBJDUMP='objdump'
OBJEXT='o'
OGRE_CFLAGS='-pthread -I/usr/include/OGRE  '
OGRE_LIBS='-lOgreMain -lpthread  '
OGRE_TERRAIN_CFLAGS='-pthread -I/usr/include/OGRE/Terrain -I/usr/include/OGRE -I/usr/include/OGRE/Paging  '
OGRE_TERRAIN_LIBS='-lOgreTerrain -lOgrePaging -lOgreMain -lpthread  '
OIS_CFLAGS='-I/usr/include/OIS  '
OIS_LIBS='-lOIS  '
OTOOL64=''
OTOOL=''
PACKAGE='SampleApp'
PACKAGE_BUGREPORT=''
PACKAGE_NAME=''
PACKAGE_STRING=''
PACKAGE_TARNAME=''
PACKAGE_URL=''
PACKAGE_VERSION=''
PATH_SEPARATOR=':'
PKG_CONFIG='/usr/bin/pkg-config'
PKG_CONFIG_LIBDIR=''
PKG_CONFIG_PATH=''
RANLIB='ranlib'
SED='/bin/sed'
SET_MAKE=''
SHELL='/bin/bash'
STRIP='strip'
VERSION='0.1'
ac_ct_AR='ar'
ac_ct_CC='gcc'
ac_ct_CXX='g++'
ac_ct_DUMPBIN=''
am__EXEEXT_FALSE=''
am__EXEEXT_TRUE='#'
am__fastdepCC_FALSE='#'
am__fastdepCC_TRUE=''
am__fastdepCXX_FALSE='#'
am__fastdepCXX_TRUE=''
am__include='include'
am__isrc=''
am__leading_dot='.'
am__nodep='_no'
am__quote=''
am__tar='$${TAR-tar} chof - "$$tardir"'
am__untar='$${TAR-tar} xf -'
bindir='${exec_prefix}/bin'
build='x86_64-unknown-linux-gnu'
build_alias=''
build_cpu='x86_64'
build_os='linux-gnu'
build_vendor='unknown'
bullet_CFLAGS='-I/usr/local/include/bullet  '
bullet_LIBS='-L/usr/local/lib -lBulletSoftBody -lBulletDynamics -lBulletCollision -lLinearMath  '
datadir='${datarootdir}'
datarootdir='${prefix}/share'
docdir='${datarootdir}/doc/${PACKAGE}'
dvidir='${docdir}'
exec_prefix='${prefix}'
host='x86_64-unknown-linux-gnu'
host_alias=''
host_cpu='x86_64'
host_os='linux-gnu'
host_vendor='unknown'
htmldir='${docdir}'
includedir='${prefix}/include'
infodir='${datarootdir}/info'
install_sh='${SHELL} /v/filer4b/v38q001/wlee/CS378-GT/project1_wonjun/install-sh'
libdir='${exec_prefix}/lib'
libexecdir='${exec_prefix}/libexec'
localedir='${datarootdir}/locale'
localstatedir='${prefix}/var'
mandir='${datarootdir}/man'
mkdir_p='/bin/mkdir -p'
oldincludedir='/usr/include'
pdfdir='${docdir}'
prefix='/usr/local'
program_transform_name='s,x,x,'
psdir='${docdir}'
sbindir='${exec_prefix}/sbin'
sdl_CFLAGS='-D_GNU_SOURCE=1 -D_REENTRANT -I/usr/include/SDL  '
sdl_LIBS='-lSDL  '
sharedstatedir='${prefix}/com'
sysconfdir='${prefix}/etc'
target_alias=''

## ----------- ##
## confdefs.h. ##
## ----------- ##

/* confdefs.h */
#define PACKAGE_NAME ""
#define PACKAGE_TARNAME ""
#define PACKAGE_VERSION ""
#define PACKAGE_STRING ""
#define PACKAGE_BUGREPORT ""
#define PACKAGE_URL ""
#define PACKAGE "SampleApp"
#define VERSION "0.1"
#define STDC_HEADERS 1
#define HAVE_SYS_TYPES_H 1
#define HAVE_SYS_STAT_H 1
#define HAVE_STDLIB_H 1
#define HAVE_STRING_H 1
#define HAVE_MEMORY_H 1
#define HAVE_STRINGS_H 1
#define HAVE_INTTYPES_H 1
#define HAVE_STDINT_H 1
#define HAVE_UNISTD_H 1
#define HAVE_DLFCN_H 1
#define LT_OBJDIR ".libs/"

configure: exit 0
