22:40:29: Creating resource group General
22:40:29: Creating resource group Internal
22:40:29: Creating resource group Autodetect
22:40:29: SceneManagerFactory for type 'DefaultSceneManager' registered.
22:40:29: Registering ResourceManager for type Material
22:40:29: Registering ResourceManager for type Mesh
22:40:29: Registering ResourceManager for type Skeleton
22:40:29: MovableObjectFactory for type 'ParticleSystem' registered.
22:40:29: OverlayElementFactory for type Panel registered.
22:40:29: OverlayElementFactory for type BorderPanel registered.
22:40:29: OverlayElementFactory for type TextArea registered.
22:40:29: Registering ResourceManager for type Font
22:40:29: ArchiveFactory for archive type FileSystem registered.
22:40:29: ArchiveFactory for archive type Zip registered.
22:40:29: DDS codec registering
22:40:29: FreeImage version: 3.15.1
22:40:29: This program uses FreeImage, a free, open source image library supporting all common bitmap formats. See http://freeimage.sourceforge.net for details
22:40:29: Supported formats: bmp,ico,jpg,jif,jpeg,jpe,jng,koa,iff,lbm,mng,pbm,pbm,pcd,pcx,pgm,pgm,png,ppm,ppm,ras,tga,targa,tif,tiff,wap,wbmp,wbm,psd,cut,xbm,xpm,gif,hdr,g3,sgi,exr,j2k,j2c,jp2,pfm,pct,pict,pic,3fr,arw,bay,bmq,cap,cine,cr2,crw,cs1,dc2,dcr,drf,dsc,dng,erf,fff,ia,iiq,k25,kc2,kdc,mdc,mef,mos,mrw,nef,nrw,orf,pef,ptx,pxn,qtk,raf,raw,rdc,rw2,rwl,rwz,sr2,srf,sti
22:40:29: Registering ResourceManager for type HighLevelGpuProgram
22:40:29: Registering ResourceManager for type Compositor
22:40:29: MovableObjectFactory for type 'Entity' registered.
22:40:29: MovableObjectFactory for type 'Light' registered.
22:40:29: MovableObjectFactory for type 'BillboardSet' registered.
22:40:29: MovableObjectFactory for type 'ManualObject' registered.
22:40:29: MovableObjectFactory for type 'BillboardChain' registered.
22:40:29: MovableObjectFactory for type 'RibbonTrail' registered.
22:40:29: Loading library /usr/lib/x86_64-linux-gnu/OGRE-1.7.4/RenderSystem_GL
22:40:29: Installing plugin: GL RenderSystem
22:40:29: OpenGL Rendering Subsystem created.
22:40:29: Plugin successfully installed
22:40:29: Loading library /usr/lib/x86_64-linux-gnu/OGRE-1.7.4/Plugin_ParticleFX
22:40:29: Installing plugin: ParticleFX
22:40:29: Particle Emitter Type 'Point' registered
22:40:29: Particle Emitter Type 'Box' registered
22:40:29: Particle Emitter Type 'Ellipsoid' registered
22:40:29: Particle Emitter Type 'Cylinder' registered
22:40:29: Particle Emitter Type 'Ring' registered
22:40:29: Particle Emitter Type 'HollowEllipsoid' registered
22:40:29: Particle Affector Type 'LinearForce' registered
22:40:29: Particle Affector Type 'ColourFader' registered
22:40:29: Particle Affector Type 'ColourFader2' registered
22:40:29: Particle Affector Type 'ColourImage' registered
22:40:29: Particle Affector Type 'ColourInterpolator' registered
22:40:29: Particle Affector Type 'Scaler' registered
22:40:29: Particle Affector Type 'Rotator' registered
22:40:29: Particle Affector Type 'DirectionRandomiser' registered
22:40:29: Particle Affector Type 'DeflectorPlane' registered
22:40:29: Plugin successfully installed
22:40:29: Loading library /usr/lib/x86_64-linux-gnu/OGRE-1.7.4/Plugin_BSPSceneManager
22:40:29: Installing plugin: BSP Scene Manager
22:40:29: Plugin successfully installed
22:40:29: Loading library /usr/lib/x86_64-linux-gnu/OGRE-1.7.4/Plugin_PCZSceneManager
22:40:29: Installing plugin: Portal Connected Zone Scene Manager
22:40:29: PCZone Factory Type 'ZoneType_Default' registered
22:40:29: Plugin successfully installed
22:40:29: Loading library /usr/lib/x86_64-linux-gnu/OGRE-1.7.4/Plugin_OctreeZone
22:40:29: Installing plugin: Octree Zone Factory
22:40:29: Plugin successfully installed
22:40:29: Loading library /usr/lib/x86_64-linux-gnu/OGRE-1.7.4/Plugin_OctreeSceneManager
22:40:29: Installing plugin: Octree & Terrain Scene Manager
22:40:29: Plugin successfully installed
22:40:29: *-*-* OGRE Initialising
22:40:29: *-*-* Version 1.7.4 (Cthugha)
22:40:29: Creating resource group Essential
22:40:29: Added resource location 'media/packs/SdkTrays.zip' of type 'Zip' to resource group 'Essential'
22:40:29: Creating resource group Fonts
22:40:29: Added resource location '/usr/local/share/CEGUI/fonts' of type 'FileSystem' to resource group 'Fonts'
22:40:29: Added resource location 'media' of type 'FileSystem' to resource group 'General'
22:40:29: Added resource location 'media/materials/programs' of type 'FileSystem' to resource group 'General'
22:40:29: Added resource location 'media/materials/scripts' of type 'FileSystem' to resource group 'General'
22:40:30: Added resource location 'media/materials/textures' of type 'FileSystem' to resource group 'General'
22:40:30: Added resource location 'media/models' of type 'FileSystem' to resource group 'General'
22:40:30: Creating resource group Imagesets
22:40:30: Added resource location '/usr/local/share/CEGUI/imagesets' of type 'FileSystem' to resource group 'Imagesets'
22:40:30: Creating resource group Layouts
22:40:30: Added resource location '/usr/local/share/CEGUI/layouts' of type 'FileSystem' to resource group 'Layouts'
22:40:30: Creating resource group LookNFeel
22:40:30: Added resource location '/usr/local/share/CEGUI/looknfeel' of type 'FileSystem' to resource group 'LookNFeel'
22:40:30: Creating resource group Schemes
22:40:30: Added resource location '/usr/local/share/CEGUI/schemes' of type 'FileSystem' to resource group 'Schemes'
22:40:30: Creating resource group XML_Schemas
22:40:30: Added resource location '/usr/local/share/CEGUI/xml_schemas' of type 'FileSystem' to resource group 'XML_Schemas'
22:40:31: *-*-* OGRE Shutdown
22:40:31: Unregistering ResourceManager for type Compositor
22:40:31: Unregistering ResourceManager for type Font
22:40:31: Unregistering ResourceManager for type Skeleton
22:40:31: Unregistering ResourceManager for type Mesh
22:40:31: Unregistering ResourceManager for type HighLevelGpuProgram
22:40:31: Uninstalling plugin: Octree & Terrain Scene Manager
22:40:31: Plugin successfully uninstalled
22:40:31: Unloading library /usr/lib/x86_64-linux-gnu/OGRE-1.7.4/Plugin_OctreeSceneManager
22:40:31: Uninstalling plugin: Octree Zone Factory
22:40:31: Plugin successfully uninstalled
22:40:31: Unloading library /usr/lib/x86_64-linux-gnu/OGRE-1.7.4/Plugin_OctreeZone
22:40:31: Uninstalling plugin: Portal Connected Zone Scene Manager
22:40:31: Plugin successfully uninstalled
22:40:31: Unloading library /usr/lib/x86_64-linux-gnu/OGRE-1.7.4/Plugin_PCZSceneManager
22:40:31: Uninstalling plugin: BSP Scene Manager
22:40:31: Plugin successfully uninstalled
22:40:31: Unloading library /usr/lib/x86_64-linux-gnu/OGRE-1.7.4/Plugin_BSPSceneManager
22:40:31: Uninstalling plugin: ParticleFX
22:40:31: Plugin successfully uninstalled
22:40:31: Unloading library /usr/lib/x86_64-linux-gnu/OGRE-1.7.4/Plugin_ParticleFX
22:40:31: Uninstalling plugin: GL RenderSystem
22:40:31: ******************************
*** Stopping GLX Subsystem ***
******************************
22:40:31: Plugin successfully uninstalled
22:40:31: Unloading library /usr/lib/x86_64-linux-gnu/OGRE-1.7.4/RenderSystem_GL
22:40:31: Unregistering ResourceManager for type Material
