04/04/2013 17:22:21 (Std) 	+-+-+-+-+-+-+-+-+-+-+-+-+-+-+-+-+-+-+-+-+-+-+-+-+-+-+-+-+-+-+-+-+-+-+-+-+-+-+-+
04/04/2013 17:22:21 (Std) 	+                     Crazy Eddie's GUI System - Event log                    +
04/04/2013 17:22:21 (Std) 	+                          (http://www.cegui.org.uk/)                         +
04/04/2013 17:22:21 (Std) 	+-+-+-+-+-+-+-+-+-+-+-+-+-+-+-+-+-+-+-+-+-+-+-+-+-+-+-+-+-+-+-+-+-+-+-+-+-+-+-+

04/04/2013 17:22:21 (Std) 	CEGUI::Logger singleton created. (0x1a10000)
04/04/2013 17:22:21 (Std) 	
04/04/2013 17:22:21 (Std) 	********************************************************************************
04/04/2013 17:22:21 (Std) 	* Important:                                                                   *
04/04/2013 17:22:21 (Std) 	*     To get support at the CEGUI forums, you must post _at least_ the section *
04/04/2013 17:22:21 (Std) 	*     of this log file indicated below.  Failure to do this will result in no  *
04/04/2013 17:22:21 (Std) 	*     support being given; please do not waste our time.                       *
04/04/2013 17:22:21 (Std) 	********************************************************************************
04/04/2013 17:22:21 (Std) 	********************************************************************************
04/04/2013 17:22:21 (Std) 	* -------- START OF ESSENTIAL SECTION TO BE POSTED ON THE FORUM       -------- *
04/04/2013 17:22:21 (Std) 	********************************************************************************
04/04/2013 17:22:21 (Std) 	---- Version 0.7.6 (Build: Feb 25 2013 GNU/Linux g++ 4.6.3 64 bit) ----
04/04/2013 17:22:21 (Std) 	---- Renderer module is: CEGUI::OgreRenderer - Official OGRE based 2nd generation renderer module. ----
04/04/2013 17:22:21 (Std) 	---- XML Parser module is: CEGUI::XercesParser - Official Xerces-C++ based parser module for CEGUI ----
04/04/2013 17:22:21 (Std) 	---- Image Codec module is: OgreImageCodec - Integrated ImageCodec using the Ogre engine. ----
04/04/2013 17:22:21 (Std) 	---- Scripting module is: None ----
04/04/2013 17:22:21 (Std) 	********************************************************************************
04/04/2013 17:22:21 (Std) 	* -------- END OF ESSENTIAL SECTION TO BE POSTED ON THE FORUM         -------- *
04/04/2013 17:22:21 (Std) 	********************************************************************************
04/04/2013 17:22:21 (Std) 	
04/04/2013 17:22:21 (Std) 	---- Begining CEGUI System initialisation ----
04/04/2013 17:22:21 (Std) 	CEGUI::ImagesetManager singleton created (0x1a8f180)
04/04/2013 17:22:21 (Std) 	CEGUI::FontManager singleton created. (0x1a7a710)
04/04/2013 17:22:21 (Std) 	CEGUI::WindowFactoryManager singleton created
04/04/2013 17:22:21 (Std) 	CEGUI::WindowManager singleton created (0x1a7a8e0)
04/04/2013 17:22:21 (Std) 	CEGUI::SchemeManager singleton created. (0x1a7a980)
04/04/2013 17:22:21 (Std) 	CEGUI::MouseCursor singleton created. (0x1a7aab0)
04/04/2013 17:22:21 (Std) 	CEGUI::GlobalEventSet singleton created. (0x1a8f2b0)
04/04/2013 17:22:21 (Std) 	CEGUI::AnimationManager singleton created (0x1ab96e0)
04/04/2013 17:22:21 (Std) 	CEGUI::WidgetLookManager singleton created. (0x1a5c770)
04/04/2013 17:22:21 (Std) 	CEGUI::WindowRendererManager singleton created (0x1a68510)
04/04/2013 17:22:21 (Std) 	CEGUI::RenderEffectManager singleton created (0x1a7a6a0)
04/04/2013 17:22:21 (Std) 	Created WindowFactory for 'DefaultWindow' windows.
04/04/2013 17:22:21 (Std) 	WindowFactory for 'DefaultWindow' windows added. (0x1aafe60)
04/04/2013 17:22:21 (Std) 	Created WindowFactory for 'DragContainer' windows.
04/04/2013 17:22:21 (Std) 	WindowFactory for 'DragContainer' windows added. (0x1aab970)
04/04/2013 17:22:21 (Std) 	Created WindowFactory for 'ScrolledContainer' windows.
04/04/2013 17:22:21 (Std) 	WindowFactory for 'ScrolledContainer' windows added. (0x1aabb10)
04/04/2013 17:22:21 (Std) 	Created WindowFactory for 'ClippedContainer' windows.
04/04/2013 17:22:21 (Std) 	WindowFactory for 'ClippedContainer' windows added. (0x1aabcb0)
04/04/2013 17:22:21 (Std) 	Created WindowFactory for 'CEGUI/Checkbox' windows.
04/04/2013 17:22:21 (Std) 	WindowFactory for 'CEGUI/Checkbox' windows added. (0x1aabe50)
04/04/2013 17:22:21 (Std) 	Created WindowFactory for 'CEGUI/PushButton' windows.
04/04/2013 17:22:21 (Std) 	WindowFactory for 'CEGUI/PushButton' windows added. (0x1aabff0)
04/04/2013 17:22:21 (Std) 	Created WindowFactory for 'CEGUI/RadioButton' windows.
04/04/2013 17:22:21 (Std) 	WindowFactory for 'CEGUI/RadioButton' windows added. (0x1a160c0)
04/04/2013 17:22:21 (Std) 	Created WindowFactory for 'CEGUI/Combobox' windows.
04/04/2013 17:22:21 (Std) 	WindowFactory for 'CEGUI/Combobox' windows added. (0x1a162b0)
04/04/2013 17:22:21 (Std) 	Created WindowFactory for 'CEGUI/ComboDropList' windows.
04/04/2013 17:22:21 (Std) 	WindowFactory for 'CEGUI/ComboDropList' windows added. (0x1a16450)
04/04/2013 17:22:21 (Std) 	Created WindowFactory for 'CEGUI/Editbox' windows.
04/04/2013 17:22:21 (Std) 	WindowFactory for 'CEGUI/Editbox' windows added. (0x1a165f0)
04/04/2013 17:22:21 (Std) 	Created WindowFactory for 'CEGUI/FrameWindow' windows.
04/04/2013 17:22:21 (Std) 	WindowFactory for 'CEGUI/FrameWindow' windows added. (0x1a16790)
04/04/2013 17:22:21 (Std) 	Created WindowFactory for 'CEGUI/ItemEntry' windows.
04/04/2013 17:22:21 (Std) 	WindowFactory for 'CEGUI/ItemEntry' windows added. (0x1a65bb0)
04/04/2013 17:22:21 (Std) 	Created WindowFactory for 'CEGUI/Listbox' windows.
04/04/2013 17:22:21 (Std) 	WindowFactory for 'CEGUI/Listbox' windows added. (0x1a65d50)
04/04/2013 17:22:21 (Std) 	Created WindowFactory for 'CEGUI/ListHeader' windows.
04/04/2013 17:22:21 (Std) 	WindowFactory for 'CEGUI/ListHeader' windows added. (0x1a65ef0)
04/04/2013 17:22:21 (Std) 	Created WindowFactory for 'CEGUI/ListHeaderSegment' windows.
04/04/2013 17:22:21 (Std) 	WindowFactory for 'CEGUI/ListHeaderSegment' windows added. (0x1a66090)
04/04/2013 17:22:21 (Std) 	Created WindowFactory for 'CEGUI/Menubar' windows.
04/04/2013 17:22:21 (Std) 	WindowFactory for 'CEGUI/Menubar' windows added. (0x1a66230)
04/04/2013 17:22:21 (Std) 	Created WindowFactory for 'CEGUI/PopupMenu' windows.
04/04/2013 17:22:21 (Std) 	WindowFactory for 'CEGUI/PopupMenu' windows added. (0x1a662f0)
04/04/2013 17:22:21 (Std) 	Created WindowFactory for 'CEGUI/MenuItem' windows.
04/04/2013 17:22:21 (Std) 	WindowFactory for 'CEGUI/MenuItem' windows added. (0x1a12990)
04/04/2013 17:22:21 (Std) 	Created WindowFactory for 'CEGUI/MultiColumnList' windows.
04/04/2013 17:22:21 (Std) 	WindowFactory for 'CEGUI/MultiColumnList' windows added. (0x1a12b30)
04/04/2013 17:22:21 (Std) 	Created WindowFactory for 'CEGUI/MultiLineEditbox' windows.
04/04/2013 17:22:21 (Std) 	WindowFactory for 'CEGUI/MultiLineEditbox' windows added. (0x1a12cd0)
04/04/2013 17:22:21 (Std) 	Created WindowFactory for 'CEGUI/ProgressBar' windows.
04/04/2013 17:22:21 (Std) 	WindowFactory for 'CEGUI/ProgressBar' windows added. (0x1a12e70)
04/04/2013 17:22:21 (Std) 	Created WindowFactory for 'CEGUI/ScrollablePane' windows.
04/04/2013 17:22:21 (Std) 	WindowFactory for 'CEGUI/ScrollablePane' windows added. (0x1a46c70)
04/04/2013 17:22:21 (Std) 	Created WindowFactory for 'CEGUI/Scrollbar' windows.
04/04/2013 17:22:21 (Std) 	WindowFactory for 'CEGUI/Scrollbar' windows added. (0x1a46e10)
04/04/2013 17:22:21 (Std) 	Created WindowFactory for 'CEGUI/Slider' windows.
04/04/2013 17:22:21 (Std) 	WindowFactory for 'CEGUI/Slider' windows added. (0x1a46fb0)
04/04/2013 17:22:21 (Std) 	Created WindowFactory for 'CEGUI/Spinner' windows.
04/04/2013 17:22:21 (Std) 	WindowFactory for 'CEGUI/Spinner' windows added. (0x1a47150)
04/04/2013 17:22:21 (Std) 	Created WindowFactory for 'CEGUI/TabButton' windows.
04/04/2013 17:22:21 (Std) 	WindowFactory for 'CEGUI/TabButton' windows added. (0x1a472f0)
04/04/2013 17:22:21 (Std) 	Created WindowFactory for 'CEGUI/TabControl' windows.
04/04/2013 17:22:21 (Std) 	WindowFactory for 'CEGUI/TabControl' windows added. (0x1a473b0)
04/04/2013 17:22:21 (Std) 	Created WindowFactory for 'CEGUI/Thumb' windows.
04/04/2013 17:22:21 (Std) 	WindowFactory for 'CEGUI/Thumb' windows added. (0x1a7bbd0)
04/04/2013 17:22:21 (Std) 	Created WindowFactory for 'CEGUI/Titlebar' windows.
04/04/2013 17:22:21 (Std) 	WindowFactory for 'CEGUI/Titlebar' windows added. (0x1a7bd70)
04/04/2013 17:22:21 (Std) 	Created WindowFactory for 'CEGUI/Tooltip' windows.
04/04/2013 17:22:21 (Std) 	WindowFactory for 'CEGUI/Tooltip' windows added. (0x1a7bf10)
04/04/2013 17:22:21 (Std) 	Created WindowFactory for 'CEGUI/ItemListbox' windows.
04/04/2013 17:22:21 (Std) 	WindowFactory for 'CEGUI/ItemListbox' windows added. (0x1a7c0b0)
04/04/2013 17:22:21 (Std) 	Created WindowFactory for 'CEGUI/GroupBox' windows.
04/04/2013 17:22:21 (Std) 	WindowFactory for 'CEGUI/GroupBox' windows added. (0x1aa2470)
04/04/2013 17:22:21 (Std) 	Created WindowFactory for 'CEGUI/Tree' windows.
04/04/2013 17:22:21 (Std) 	WindowFactory for 'CEGUI/Tree' windows added. (0x1aa2610)
04/04/2013 17:22:21 (Std) 	Created WindowFactory for 'HorizontalLayoutContainer' windows.
04/04/2013 17:22:21 (Std) 	WindowFactory for 'HorizontalLayoutContainer' windows added. (0x1a12880)
04/04/2013 17:22:21 (Std) 	Created WindowFactory for 'VerticalLayoutContainer' windows.
04/04/2013 17:22:21 (Std) 	WindowFactory for 'VerticalLayoutContainer' windows added. (0x1aa2aa0)
04/04/2013 17:22:21 (Std) 	Created WindowFactory for 'GridLayoutContainer' windows.
04/04/2013 17:22:21 (Std) 	WindowFactory for 'GridLayoutContainer' windows added. (0x1aa2c40)
04/04/2013 17:22:21 (Std) 	Window type alias named 'DefaultGUISheet' added for window type 'DefaultWindow'.
04/04/2013 17:22:21 (Std) 	CEGUI::System singleton created. (0x1a69b20)
04/04/2013 17:22:21 (Std) 	---- CEGUI System initialisation completed ----
04/04/2013 17:22:21 (Std) 	
04/04/2013 17:22:21 (Std) 	XercesParser::initialiseSchema - Attempting to load schema from file 'GUIScheme.xsd'.
04/04/2013 17:22:21 (Std) 	XercesParser::initialiseSchema - XML schema file 'GUIScheme.xsd' has been initialised.
04/04/2013 17:22:21 (Std) 	Started creation of Scheme from XML specification:
04/04/2013 17:22:21 (Std) 	---- CEGUI GUIScheme name: TaharezLook
04/04/2013 17:22:21 (Std) 	XercesParser::initialiseSchema - Attempting to load schema from file 'Imageset.xsd'.
04/04/2013 17:22:21 (Std) 	XercesParser::initialiseSchema - XML schema file 'Imageset.xsd' has been initialised.
04/04/2013 17:22:21 (Std) 	Started creation of Imageset from XML specification:
04/04/2013 17:22:21 (Std) 	---- CEGUI Imageset name: TaharezLook
04/04/2013 17:22:21 (Std) 	---- Source texture file: TaharezLook.tga in resource group: (Default)
04/04/2013 17:22:21 (Std) 	XercesParser::initialiseSchema - Attempting to load schema from file 'Font.xsd'.
04/04/2013 17:22:21 (Std) 	XercesParser::initialiseSchema - XML schema file 'Font.xsd' has been initialised.
04/04/2013 17:22:21 (Std) 	Started creation of Font from XML specification:
04/04/2013 17:22:21 (Std) 	---- CEGUI font name: DejaVuSans-10
04/04/2013 17:22:21 (Std) 	----       Font type: FreeType
04/04/2013 17:22:21 (Std) 	----     Source file: DejaVuSans.ttf in resource group: (Default)
04/04/2013 17:22:21 (Std) 	---- Real point size: 10
04/04/2013 17:22:21 (Std) 	XercesParser::initialiseSchema - Attempting to load schema from file 'Falagard.xsd'.
04/04/2013 17:22:21 (Std) 	XercesParser::initialiseSchema - XML schema file 'Falagard.xsd' has been initialised.
04/04/2013 17:22:21 (Std) 	===== Falagard 'root' element: look and feel parsing begins =====
04/04/2013 17:22:21 (Std) 	===== Look and feel parsing completed =====
04/04/2013 17:22:21 (Std) 	No window renderer factories specified for module 'CEGUIFalagardWRBase' - adding all available factories...
04/04/2013 17:22:21 (Std) 	Created WindowRendererFactory for 'Falagard/Button' WindowRenderers.
04/04/2013 17:22:21 (Std) 	WindowRendererFactory 'Falagard/Button' added. (0x1aab760)
04/04/2013 17:22:21 (Std) 	Created WindowRendererFactory for 'Falagard/Default' WindowRenderers.
04/04/2013 17:22:21 (Std) 	WindowRendererFactory 'Falagard/Default' added. (0x223c9a0)
04/04/2013 17:22:21 (Std) 	Created WindowRendererFactory for 'Falagard/Editbox' WindowRenderers.
04/04/2013 17:22:21 (Std) 	WindowRendererFactory 'Falagard/Editbox' added. (0x1a4fba0)
04/04/2013 17:22:21 (Std) 	Created WindowRendererFactory for 'Falagard/FrameWindow' WindowRenderers.
04/04/2013 17:22:21 (Std) 	WindowRendererFactory 'Falagard/FrameWindow' added. (0x2212c50)
04/04/2013 17:22:21 (Std) 	Created WindowRendererFactory for 'Falagard/ItemEntry' WindowRenderers.
04/04/2013 17:22:21 (Std) 	WindowRendererFactory 'Falagard/ItemEntry' added. (0x223d500)
04/04/2013 17:22:21 (Std) 	Created WindowRendererFactory for 'Falagard/ListHeader' WindowRenderers.
04/04/2013 17:22:21 (Std) 	WindowRendererFactory 'Falagard/ListHeader' added. (0x22419d0)
04/04/2013 17:22:21 (Std) 	Created WindowRendererFactory for 'Falagard/ListHeaderSegment' WindowRenderers.
04/04/2013 17:22:21 (Std) 	WindowRendererFactory 'Falagard/ListHeaderSegment' added. (0x241b250)
04/04/2013 17:22:21 (Std) 	Created WindowRendererFactory for 'Falagard/Listbox' WindowRenderers.
04/04/2013 17:22:21 (Std) 	WindowRendererFactory 'Falagard/Listbox' added. (0x223c610)
04/04/2013 17:22:21 (Std) 	Created WindowRendererFactory for 'Falagard/Menubar' WindowRenderers.
04/04/2013 17:22:21 (Std) 	WindowRendererFactory 'Falagard/Menubar' added. (0x1a483e0)
04/04/2013 17:22:21 (Std) 	Created WindowRendererFactory for 'Falagard/MenuItem' WindowRenderers.
04/04/2013 17:22:21 (Std) 	WindowRendererFactory 'Falagard/MenuItem' added. (0x1a4a1d0)
04/04/2013 17:22:21 (Std) 	Created WindowRendererFactory for 'Falagard/MultiColumnList' WindowRenderers.
04/04/2013 17:22:21 (Std) 	WindowRendererFactory 'Falagard/MultiColumnList' added. (0x2212f60)
04/04/2013 17:22:21 (Std) 	Created WindowRendererFactory for 'Falagard/MultiLineEditbox' WindowRenderers.
04/04/2013 17:22:21 (Std) 	WindowRendererFactory 'Falagard/MultiLineEditbox' added. (0x1dd8f80)
04/04/2013 17:22:21 (Std) 	Created WindowRendererFactory for 'Falagard/PopupMenu' WindowRenderers.
04/04/2013 17:22:21 (Std) 	WindowRendererFactory 'Falagard/PopupMenu' added. (0x1f324b0)
04/04/2013 17:22:21 (Std) 	Created WindowRendererFactory for 'Falagard/ProgressBar' WindowRenderers.
04/04/2013 17:22:21 (Std) 	WindowRendererFactory 'Falagard/ProgressBar' added. (0x1aa20d0)
04/04/2013 17:22:21 (Std) 	Created WindowRendererFactory for 'Falagard/ScrollablePane' WindowRenderers.
04/04/2013 17:22:21 (Std) 	WindowRendererFactory 'Falagard/ScrollablePane' added. (0x1dd7060)
04/04/2013 17:22:21 (Std) 	Created WindowRendererFactory for 'Falagard/Scrollbar' WindowRenderers.
04/04/2013 17:22:21 (Std) 	WindowRendererFactory 'Falagard/Scrollbar' added. (0x1a120d0)
04/04/2013 17:22:21 (Std) 	Created WindowRendererFactory for 'Falagard/Slider' WindowRenderers.
04/04/2013 17:22:21 (Std) 	WindowRendererFactory 'Falagard/Slider' added. (0x1dde020)
04/04/2013 17:22:21 (Std) 	Created WindowRendererFactory for 'Falagard/Static' WindowRenderers.
04/04/2013 17:22:21 (Std) 	WindowRendererFactory 'Falagard/Static' added. (0x1dde0e0)
04/04/2013 17:22:21 (Std) 	Created WindowRendererFactory for 'Falagard/StaticImage' WindowRenderers.
04/04/2013 17:22:21 (Std) 	WindowRendererFactory 'Falagard/StaticImage' added. (0x1dd5ec0)
04/04/2013 17:22:21 (Std) 	Created WindowRendererFactory for 'Falagard/StaticText' WindowRenderers.
04/04/2013 17:22:21 (Std) 	WindowRendererFactory 'Falagard/StaticText' added. (0x243fd60)
04/04/2013 17:22:21 (Std) 	Created WindowRendererFactory for 'Falagard/SystemButton' WindowRenderers.
04/04/2013 17:22:21 (Std) 	WindowRendererFactory 'Falagard/SystemButton' added. (0x2431dd0)
04/04/2013 17:22:21 (Std) 	Created WindowRendererFactory for 'Falagard/TabButton' WindowRenderers.
04/04/2013 17:22:21 (Std) 	WindowRendererFactory 'Falagard/TabButton' added. (0x2241630)
04/04/2013 17:22:21 (Std) 	Created WindowRendererFactory for 'Falagard/TabControl' WindowRenderers.
04/04/2013 17:22:21 (Std) 	WindowRendererFactory 'Falagard/TabControl' added. (0x22417d0)
04/04/2013 17:22:21 (Std) 	Created WindowRendererFactory for 'Falagard/Titlebar' WindowRenderers.
04/04/2013 17:22:21 (Std) 	WindowRendererFactory 'Falagard/Titlebar' added. (0x1f333d0)
04/04/2013 17:22:21 (Std) 	Created WindowRendererFactory for 'Falagard/ToggleButton' WindowRenderers.
04/04/2013 17:22:21 (Std) 	WindowRendererFactory 'Falagard/ToggleButton' added. (0x1dd54d0)
04/04/2013 17:22:21 (Std) 	Created WindowRendererFactory for 'Falagard/Tooltip' WindowRenderers.
04/04/2013 17:22:21 (Std) 	WindowRendererFactory 'Falagard/Tooltip' added. (0x1dd5670)
04/04/2013 17:22:21 (Std) 	Created WindowRendererFactory for 'Falagard/ItemListbox' WindowRenderers.
04/04/2013 17:22:21 (Std) 	WindowRendererFactory 'Falagard/ItemListbox' added. (0x2240b40)
04/04/2013 17:22:21 (Std) 	Created WindowRendererFactory for 'Falagard/Tree' WindowRenderers.
04/04/2013 17:22:21 (Std) 	WindowRendererFactory 'Falagard/Tree' added. (0x2211190)
04/04/2013 17:22:21 (Std) 	Creating falagard mapping for type 'TaharezLook/Button' using base type 'CEGUI/PushButton', window renderer 'Falagard/Button' Look'N'Feel 'TaharezLook/Button' and RenderEffect ''. (0x7fffe08972b0)
04/04/2013 17:22:21 (Std) 	Creating falagard mapping for type 'TaharezLook/Checkbox' using base type 'CEGUI/Checkbox', window renderer 'Falagard/ToggleButton' Look'N'Feel 'TaharezLook/Checkbox' and RenderEffect ''. (0x7fffe08972b0)
04/04/2013 17:22:21 (Std) 	Creating falagard mapping for type 'TaharezLook/ImageButton' using base type 'CEGUI/PushButton', window renderer 'Falagard/Button' Look'N'Feel 'TaharezLook/ImageButton' and RenderEffect ''. (0x7fffe08972b0)
04/04/2013 17:22:21 (Std) 	Creating falagard mapping for type 'TaharezLook/RadioButton' using base type 'CEGUI/RadioButton', window renderer 'Falagard/ToggleButton' Look'N'Feel 'TaharezLook/RadioButton' and RenderEffect ''. (0x7fffe08972b0)
04/04/2013 17:22:21 (Std) 	Creating falagard mapping for type 'TaharezLook/FrameWindow' using base type 'CEGUI/FrameWindow', window renderer 'Falagard/FrameWindow' Look'N'Feel 'TaharezLook/FrameWindow' and RenderEffect ''. (0x7fffe08972b0)
04/04/2013 17:22:21 (Std) 	Creating falagard mapping for type 'TaharezLook/Titlebar' using base type 'CEGUI/Titlebar', window renderer 'Falagard/Titlebar' Look'N'Feel 'TaharezLook/Titlebar' and RenderEffect ''. (0x7fffe08972b0)
04/04/2013 17:22:21 (Std) 	Creating falagard mapping for type 'TaharezLook/SystemButton' using base type 'CEGUI/PushButton', window renderer 'Falagard/Button' Look'N'Feel 'TaharezLook/Button' and RenderEffect ''. (0x7fffe08972b0)
04/04/2013 17:22:21 (Std) 	Creating falagard mapping for type 'TaharezLook/Editbox' using base type 'CEGUI/Editbox', window renderer 'Falagard/Editbox' Look'N'Feel 'TaharezLook/Editbox' and RenderEffect ''. (0x7fffe08972b0)
04/04/2013 17:22:21 (Std) 	Creating falagard mapping for type 'TaharezLook/MultiLineEditbox' using base type 'CEGUI/MultiLineEditbox', window renderer 'Falagard/MultiLineEditbox' Look'N'Feel 'TaharezLook/MultiLineEditbox' and RenderEffect ''. (0x7fffe08972b0)
04/04/2013 17:22:21 (Std) 	Creating falagard mapping for type 'TaharezLook/Menubar' using base type 'CEGUI/Menubar', window renderer 'Falagard/Menubar' Look'N'Feel 'TaharezLook/Menubar' and RenderEffect ''. (0x7fffe08972b0)
04/04/2013 17:22:21 (Std) 	Creating falagard mapping for type 'TaharezLook/PopupMenu' using base type 'CEGUI/PopupMenu', window renderer 'Falagard/PopupMenu' Look'N'Feel 'TaharezLook/PopupMenu' and RenderEffect ''. (0x7fffe08972b0)
04/04/2013 17:22:21 (Std) 	Creating falagard mapping for type 'TaharezLook/MenuItem' using base type 'CEGUI/MenuItem', window renderer 'Falagard/MenuItem' Look'N'Feel 'TaharezLook/MenuItem' and RenderEffect ''. (0x7fffe08972b0)
04/04/2013 17:22:21 (Std) 	Creating falagard mapping for type 'TaharezLook/AlternateProgressBar' using base type 'CEGUI/ProgressBar', window renderer 'Falagard/ProgressBar' Look'N'Feel 'TaharezLook/AltProgressBar' and RenderEffect ''. (0x7fffe08972b0)
04/04/2013 17:22:21 (Std) 	Creating falagard mapping for type 'TaharezLook/ProgressBar' using base type 'CEGUI/ProgressBar', window renderer 'Falagard/ProgressBar' Look'N'Feel 'TaharezLook/ProgressBar' and RenderEffect ''. (0x7fffe08972b0)
04/04/2013 17:22:21 (Std) 	Creating falagard mapping for type 'TaharezLook/VUMeter' using base type 'CEGUI/ProgressBar', window renderer 'Falagard/ProgressBar' Look'N'Feel 'TaharezLook/VUMeter' and RenderEffect ''. (0x7fffe08972b0)
04/04/2013 17:22:21 (Std) 	Creating falagard mapping for type 'TaharezLook/VerticalScrollbar' using base type 'CEGUI/Scrollbar', window renderer 'Falagard/Scrollbar' Look'N'Feel 'TaharezLook/VerticalScrollbar' and RenderEffect ''. (0x7fffe08972b0)
04/04/2013 17:22:21 (Std) 	Creating falagard mapping for type 'TaharezLook/HorizontalScrollbar' using base type 'CEGUI/Scrollbar', window renderer 'Falagard/Scrollbar' Look'N'Feel 'TaharezLook/HorizontalScrollbar' and RenderEffect ''. (0x7fffe08972b0)
04/04/2013 17:22:21 (Std) 	Creating falagard mapping for type 'TaharezLook/VerticalScrollbarThumb' using base type 'CEGUI/Thumb', window renderer 'Falagard/Button' Look'N'Feel 'TaharezLook/VerticalScrollbarThumb' and RenderEffect ''. (0x7fffe08972b0)
04/04/2013 17:22:21 (Std) 	Creating falagard mapping for type 'TaharezLook/HorizontalScrollbarThumb' using base type 'CEGUI/Thumb', window renderer 'Falagard/Button' Look'N'Feel 'TaharezLook/HorizontalScrollbarThumb' and RenderEffect ''. (0x7fffe08972b0)
04/04/2013 17:22:21 (Std) 	Creating falagard mapping for type 'TaharezLook/LargeVerticalScrollbar' using base type 'CEGUI/Scrollbar', window renderer 'Falagard/Scrollbar' Look'N'Feel 'TaharezLook/LargeVerticalScrollbar' and RenderEffect ''. (0x7fffe08972b0)
04/04/2013 17:22:21 (Std) 	Creating falagard mapping for type 'TaharezLook/LargeVerticalScrollbarThumb' using base type 'CEGUI/Thumb', window renderer 'Falagard/Button' Look'N'Feel 'TaharezLook/LargeVerticalScrollbarThumb' and RenderEffect ''. (0x7fffe08972b0)
04/04/2013 17:22:21 (Std) 	Creating falagard mapping for type 'TaharezLook/TabButton' using base type 'CEGUI/TabButton', window renderer 'Falagard/TabButton' Look'N'Feel 'TaharezLook/TabButton' and RenderEffect ''. (0x7fffe08972b0)
04/04/2013 17:22:21 (Std) 	Creating falagard mapping for type 'TaharezLook/TabControl' using base type 'CEGUI/TabControl', window renderer 'Falagard/TabControl' Look'N'Feel 'TaharezLook/TabControl' and RenderEffect ''. (0x7fffe08972b0)
04/04/2013 17:22:21 (Std) 	Creating falagard mapping for type 'TaharezLook/TabContentPane' using base type 'DefaultWindow', window renderer 'Falagard/Default' Look'N'Feel 'TaharezLook/TabContentPane' and RenderEffect ''. (0x7fffe08972b0)
04/04/2013 17:22:21 (Std) 	Creating falagard mapping for type 'TaharezLook/TabButtonPane' using base type 'DefaultWindow', window renderer 'Falagard/Default' Look'N'Feel 'TaharezLook/TabButtonPane' and RenderEffect ''. (0x7fffe08972b0)
04/04/2013 17:22:21 (Std) 	Creating falagard mapping for type 'TaharezLook/ComboDropList' using base type 'CEGUI/ComboDropList', window renderer 'Falagard/Listbox' Look'N'Feel 'TaharezLook/ComboDropList' and RenderEffect ''. (0x7fffe08972b0)
04/04/2013 17:22:21 (Std) 	Creating falagard mapping for type 'TaharezLook/ComboEditbox' using base type 'CEGUI/Editbox', window renderer 'Falagard/Editbox' Look'N'Feel 'TaharezLook/ComboEditbox' and RenderEffect ''. (0x7fffe08972b0)
04/04/2013 17:22:21 (Std) 	Creating falagard mapping for type 'TaharezLook/Combobox' using base type 'CEGUI/Combobox', window renderer 'Falagard/Default' Look'N'Feel 'TaharezLook/Combobox' and RenderEffect ''. (0x7fffe08972b0)
04/04/2013 17:22:21 (Std) 	Creating falagard mapping for type 'TaharezLook/Listbox' using base type 'CEGUI/Listbox', window renderer 'Falagard/Listbox' Look'N'Feel 'TaharezLook/Listbox' and RenderEffect ''. (0x7fffe08972b0)
04/04/2013 17:22:21 (Std) 	Creating falagard mapping for type 'TaharezLook/ListHeader' using base type 'CEGUI/ListHeader', window renderer 'Falagard/ListHeader' Look'N'Feel 'TaharezLook/ListHeader' and RenderEffect ''. (0x7fffe08972b0)
04/04/2013 17:22:21 (Std) 	Creating falagard mapping for type 'TaharezLook/ListHeaderSegment' using base type 'CEGUI/ListHeaderSegment', window renderer 'Falagard/ListHeaderSegment' Look'N'Feel 'TaharezLook/ListHeaderSegment' and RenderEffect ''. (0x7fffe08972b0)
04/04/2013 17:22:21 (Std) 	Creating falagard mapping for type 'TaharezLook/MultiColumnList' using base type 'CEGUI/MultiColumnList', window renderer 'Falagard/MultiColumnList' Look'N'Feel 'TaharezLook/MultiColumnList' and RenderEffect ''. (0x7fffe08972b0)
04/04/2013 17:22:21 (Std) 	Creating falagard mapping for type 'TaharezLook/Slider' using base type 'CEGUI/Slider', window renderer 'Falagard/Slider' Look'N'Feel 'TaharezLook/Slider' and RenderEffect ''. (0x7fffe08972b0)
04/04/2013 17:22:21 (Std) 	Creating falagard mapping for type 'TaharezLook/SliderThumb' using base type 'CEGUI/Thumb', window renderer 'Falagard/Button' Look'N'Feel 'TaharezLook/SliderThumb' and RenderEffect ''. (0x7fffe08972b0)
04/04/2013 17:22:21 (Std) 	Creating falagard mapping for type 'TaharezLook/ScrollablePane' using base type 'CEGUI/ScrollablePane', window renderer 'Falagard/ScrollablePane' Look'N'Feel 'TaharezLook/ScrollablePane' and RenderEffect ''. (0x7fffe08972b0)
04/04/2013 17:22:21 (Std) 	Creating falagard mapping for type 'TaharezLook/Spinner' using base type 'CEGUI/Spinner', window renderer 'Falagard/Default' Look'N'Feel 'TaharezLook/Spinner' and RenderEffect ''. (0x7fffe08972b0)
04/04/2013 17:22:21 (Std) 	Creating falagard mapping for type 'TaharezLook/Tooltip' using base type 'CEGUI/Tooltip', window renderer 'Falagard/Tooltip' Look'N'Feel 'TaharezLook/Tooltip' and RenderEffect ''. (0x7fffe08972b0)
04/04/2013 17:22:21 (Std) 	Creating falagard mapping for type 'TaharezLook/StaticImage' using base type 'DefaultWindow', window renderer 'Falagard/StaticImage' Look'N'Feel 'TaharezLook/StaticImage' and RenderEffect ''. (0x7fffe08972b0)
04/04/2013 17:22:21 (Std) 	Creating falagard mapping for type 'TaharezLook/StaticText' using base type 'DefaultWindow', window renderer 'Falagard/StaticText' Look'N'Feel 'TaharezLook/StaticText' and RenderEffect ''. (0x7fffe08972b0)
04/04/2013 17:22:21 (Std) 	Creating falagard mapping for type 'TaharezLook/ItemListbox' using base type 'CEGUI/ItemListbox', window renderer 'Falagard/ItemListbox' Look'N'Feel 'TaharezLook/ItemListbox' and RenderEffect ''. (0x7fffe08972b0)
04/04/2013 17:22:21 (Std) 	Creating falagard mapping for type 'TaharezLook/ListboxItem' using base type 'CEGUI/ItemEntry', window renderer 'Falagard/ItemEntry' Look'N'Feel 'TaharezLook/ListboxItem' and RenderEffect ''. (0x7fffe08972b0)
04/04/2013 17:22:21 (Std) 	Creating falagard mapping for type 'TaharezLook/GroupBox' using base type 'CEGUI/GroupBox', window renderer 'Falagard/Default' Look'N'Feel 'TaharezLook/GroupBox' and RenderEffect ''. (0x7fffe08972b0)
04/04/2013 17:22:21 (Std) 	Creating falagard mapping for type 'TaharezLook/Tree' using base type 'CEGUI/Tree', window renderer 'Falagard/Tree' Look'N'Feel 'TaharezLook/Tree' and RenderEffect ''. (0x7fffe08972b0)
04/04/2013 17:22:21 (Std) 	Attempting to create Imageset 'DejaVuSans-10_auto_glyph_images_ ' with texture only.
