18:15:28: Creating resource group General
18:15:28: Creating resource group Internal
18:15:28: Creating resource group Autodetect
18:15:28: SceneManagerFactory for type 'DefaultSceneManager' registered.
18:15:28: Registering ResourceManager for type Material
18:15:28: Registering ResourceManager for type Mesh
18:15:28: Registering ResourceManager for type Skeleton
18:15:28: MovableObjectFactory for type 'ParticleSystem' registered.
18:15:28: OverlayElementFactory for type Panel registered.
18:15:28: OverlayElementFactory for type BorderPanel registered.
18:15:28: OverlayElementFactory for type TextArea registered.
18:15:28: Registering ResourceManager for type Font
18:15:28: ArchiveFactory for archive type FileSystem registered.
18:15:28: ArchiveFactory for archive type Zip registered.
18:15:28: DDS codec registering
18:15:28: FreeImage version: 3.15.1
18:15:28: This program uses FreeImage, a free, open source image library supporting all common bitmap formats. See http://freeimage.sourceforge.net for details
18:15:28: Supported formats: bmp,ico,jpg,jif,jpeg,jpe,jng,koa,iff,lbm,mng,pbm,pbm,pcd,pcx,pgm,pgm,png,ppm,ppm,ras,tga,targa,tif,tiff,wap,wbmp,wbm,psd,cut,xbm,xpm,gif,hdr,g3,sgi,exr,j2k,j2c,jp2,pfm,pct,pict,pic,3fr,arw,bay,bmq,cap,cine,cr2,crw,cs1,dc2,dcr,drf,dsc,dng,erf,fff,ia,iiq,k25,kc2,kdc,mdc,mef,mos,mrw,nef,nrw,orf,pef,ptx,pxn,qtk,raf,raw,rdc,rw2,rwl,rwz,sr2,srf,sti
18:15:28: Registering ResourceManager for type HighLevelGpuProgram
18:15:28: Registering ResourceManager for type Compositor
18:15:28: MovableObjectFactory for type 'Entity' registered.
18:15:28: MovableObjectFactory for type 'Light' registered.
18:15:28: MovableObjectFactory for type 'BillboardSet' registered.
18:15:28: MovableObjectFactory for type 'ManualObject' registered.
18:15:28: MovableObjectFactory for type 'BillboardChain' registered.
18:15:28: MovableObjectFactory for type 'RibbonTrail' registered.
18:15:28: Loading library /usr/lib/x86_64-linux-gnu/OGRE-1.7.4/RenderSystem_GL
18:15:28: Installing plugin: GL RenderSystem
18:15:28: OpenGL Rendering Subsystem created.
18:15:28: Plugin successfully installed
18:15:28: Loading library /usr/lib/x86_64-linux-gnu/OGRE-1.7.4/Plugin_ParticleFX
18:15:28: Installing plugin: ParticleFX
18:15:28: Particle Emitter Type 'Point' registered
18:15:28: Particle Emitter Type 'Box' registered
18:15:28: Particle Emitter Type 'Ellipsoid' registered
18:15:28: Particle Emitter Type 'Cylinder' registered
18:15:28: Particle Emitter Type 'Ring' registered
18:15:28: Particle Emitter Type 'HollowEllipsoid' registered
18:15:28: Particle Affector Type 'LinearForce' registered
18:15:28: Particle Affector Type 'ColourFader' registered
18:15:28: Particle Affector Type 'ColourFader2' registered
18:15:28: Particle Affector Type 'ColourImage' registered
18:15:28: Particle Affector Type 'ColourInterpolator' registered
18:15:28: Particle Affector Type 'Scaler' registered
18:15:28: Particle Affector Type 'Rotator' registered
18:15:28: Particle Affector Type 'DirectionRandomiser' registered
18:15:28: Particle Affector Type 'DeflectorPlane' registered
18:15:28: Plugin successfully installed
18:15:28: Loading library /usr/lib/x86_64-linux-gnu/OGRE-1.7.4/Plugin_BSPSceneManager
18:15:28: Installing plugin: BSP Scene Manager
18:15:28: Plugin successfully installed
18:15:28: Loading library /usr/lib/x86_64-linux-gnu/OGRE-1.7.4/Plugin_PCZSceneManager
18:15:28: Installing plugin: Portal Connected Zone Scene Manager
18:15:28: PCZone Factory Type 'ZoneType_Default' registered
18:15:28: Plugin successfully installed
18:15:28: Loading library /usr/lib/x86_64-linux-gnu/OGRE-1.7.4/Plugin_OctreeZone
18:15:28: Installing plugin: Octree Zone Factory
18:15:28: Plugin successfully installed
18:15:28: Loading library /usr/lib/x86_64-linux-gnu/OGRE-1.7.4/Plugin_OctreeSceneManager
18:15:28: Installing plugin: Octree & Terrain Scene Manager
18:15:28: Plugin successfully installed
18:15:28: *-*-* OGRE Initialising
18:15:28: *-*-* Version 1.7.4 (Cthugha)
18:15:31: Shutdown OGRE...
18:15:31: *-*-* OGRE Shutdown
18:15:31: Unregistering ResourceManager for type Compositor
18:15:31: Unregistering ResourceManager for type Font
18:15:31: Unregistering ResourceManager for type Skeleton
18:15:31: Unregistering ResourceManager for type Mesh
18:15:31: Unregistering ResourceManager for type HighLevelGpuProgram
18:15:31: Uninstalling plugin: Octree & Terrain Scene Manager
18:15:31: Plugin successfully uninstalled
18:15:31: Unloading library /usr/lib/x86_64-linux-gnu/OGRE-1.7.4/Plugin_OctreeSceneManager
18:15:31: Uninstalling plugin: Octree Zone Factory
18:15:31: Plugin successfully uninstalled
18:15:31: Unloading library /usr/lib/x86_64-linux-gnu/OGRE-1.7.4/Plugin_OctreeZone
18:15:31: Uninstalling plugin: Portal Connected Zone Scene Manager
18:15:31: Plugin successfully uninstalled
18:15:31: Unloading library /usr/lib/x86_64-linux-gnu/OGRE-1.7.4/Plugin_PCZSceneManager
18:15:31: Uninstalling plugin: BSP Scene Manager
18:15:31: Plugin successfully uninstalled
18:15:31: Unloading library /usr/lib/x86_64-linux-gnu/OGRE-1.7.4/Plugin_BSPSceneManager
18:15:31: Uninstalling plugin: ParticleFX
18:15:31: Plugin successfully uninstalled
18:15:31: Unloading library /usr/lib/x86_64-linux-gnu/OGRE-1.7.4/Plugin_ParticleFX
18:15:31: Uninstalling plugin: GL RenderSystem
18:15:31: ******************************
*** Stopping GLX Subsystem ***
******************************
18:15:31: Plugin successfully uninstalled
18:15:31: Unloading library /usr/lib/x86_64-linux-gnu/OGRE-1.7.4/RenderSystem_GL
18:15:31: Unregistering ResourceManager for type Material
