14:50:12: Creating resource group General
14:50:12: Creating resource group Internal
14:50:12: Creating resource group Autodetect
14:50:12: Registering ResourceManager for type Mesh
14:50:12: Registering ResourceManager for type Material
14:50:12: Registering ResourceManager for type Skeleton
14:50:12: XMLMeshSerializer reading mesh data from tank.mesh.xml...
14:50:12: Reading geometry...
14:50:12: Geometry done...
14:50:12: Reading submeshes...
14:50:12: Submeshes done.
14:50:12: Reading mesh names...
14:50:12: Mesh names done.
14:50:12: XMLMeshSerializer import successful.
14:50:12: Reorganising vertex buffers to automatic layout..
14:50:12: MeshSerializer writing mesh data to tank.mesh...
14:50:12: File header written.
14:50:12: Writing mesh data...
14:50:12: Writing submesh...
14:50:12: Exporting submesh texture aliases...
14:50:12: Submesh texture aliases exported.
14:50:12: Submesh exported.
14:50:12: Exporting bounds information....
14:50:12: Bounds information exported.
14:50:12: Exporting submesh name table...
14:50:12: Submesh name table exported.
14:50:12: Exporting edge lists...
14:50:13: Edge lists exported
14:50:13: Mesh data exported.
14:50:13: MeshSerializer export successful.
14:50:13: Unregistering ResourceManager for type Skeleton
14:50:13: Unregistering ResourceManager for type Material
14:50:13: Unregistering ResourceManager for type Mesh
