This file contains any messages produced by compilers while
running configure, to aid debugging if configure makes a mistake.

It was created by configure, which was
generated by GNU Autoconf 2.68.  Invocation command line was

  $ ./configure 

## --------- ##
## Platform. ##
## --------- ##

hostname = jelly-belly
uname -m = x86_64
uname -r = 3.2.0-41-generic
uname -s = Linux
uname -v = #66-Ubuntu SMP Thu Apr 25 03:27:11 UTC 2013

/usr/bin/uname -p = unknown
/bin/uname -X     = unknown

/bin/arch              = unknown
/usr/bin/arch -k       = unknown
/usr/convex/getsysinfo = unknown
/usr/bin/hostinfo      = unknown
/bin/machine           = unknown
/usr/bin/oslevel       = unknown
/bin/universe          = unknown

PATH: /lusr/bin
PATH: /sbin
PATH: /bin
PATH: /usr/sbin
PATH: /usr/bin
PATH: /usr/games
PATH: /usr/bin/mh
PATH: /lusr/share/hosts
PATH: /lusr/bin/tex
PATH: /lusr/games/bin
PATH: /lusr/opt/condor/bin
PATH: .


## ----------- ##
## Core tests. ##
## ----------- ##

configure:2331: checking for a BSD-compatible install
configure:2399: result: /usr/bin/install -c
configure:2410: checking whether build environment is sane
configure:2460: result: yes
configure:2601: checking for a thread-safe mkdir -p
configure:2640: result: /bin/mkdir -p
configure:2653: checking for gawk
configure:2669: found /usr/bin/gawk
configure:2680: result: gawk
configure:2691: checking whether make sets $(MAKE)
configure:2713: result: yes
configure:2861: checking for g++
configure:2877: found /usr/bin/g++
configure:2888: result: g++
configure:2915: checking for C++ compiler version
configure:2924: g++ --version >&5
g++ (Ubuntu/Linaro 4.6.3-1ubuntu5) 4.6.3
Copyright (C) 2011 Free Software Foundation, Inc.
This is free software; see the source for copying conditions.  There is NO
warranty; not even for MERCHANTABILITY or FITNESS FOR A PARTICULAR PURPOSE.

configure:2935: $? = 0
configure:2924: g++ -v >&5
Using built-in specs.
COLLECT_GCC=g++
COLLECT_LTO_WRAPPER=/usr/lib/gcc/x86_64-linux-gnu/4.6/lto-wrapper
Target: x86_64-linux-gnu
Configured with: ../src/configure -v --with-pkgversion='Ubuntu/Linaro 4.6.3-1ubuntu5' --with-bugurl=file:///usr/share/doc/gcc-4.6/README.Bugs --enable-languages=c,c++,fortran,objc,obj-c++ --prefix=/usr --program-suffix=-4.6 --enable-shared --enable-linker-build-id --with-system-zlib --libexecdir=/usr/lib --without-included-gettext --enable-threads=posix --with-gxx-include-dir=/usr/include/c++/4.6 --libdir=/usr/lib --enable-nls --with-sysroot=/ --enable-clocale=gnu --enable-libstdcxx-debug --enable-libstdcxx-time=yes --enable-gnu-unique-object --enable-plugin --enable-objc-gc --disable-werror --with-arch-32=i686 --with-tune=generic --enable-checking=release --build=x86_64-linux-gnu --host=x86_64-linux-gnu --target=x86_64-linux-gnu
Thread model: posix
gcc version 4.6.3 (Ubuntu/Linaro 4.6.3-1ubuntu5) 
configure:2935: $? = 0
configure:2924: g++ -V >&5
g++: error: unrecognized option '-V'
g++: fatal error: no input files
compilation terminated.
configure:2935: $? = 4
configure:2924: g++ -qversion >&5
g++: error: unrecognized option '-qversion'
g++: fatal error: no input files
compilation terminated.
configure:2935: $? = 4
configure:2955: checking whether the C++ compiler works
configure:2977: g++    conftest.cpp  >&5
configure:2981: $? = 0
configure:3029: result: yes
configure:3032: checking for C++ compiler default output file name
configure:3034: result: a.out
configure:3040: checking for suffix of executables
configure:3047: g++ -o conftest    conftest.cpp  >&5
configure:3051: $? = 0
configure:3073: result: 
configure:3095: checking whether we are cross compiling
configure:3103: g++ -o conftest    conftest.cpp  >&5
configure:3107: $? = 0
configure:3114: ./conftest
configure:3118: $? = 0
configure:3133: result: no
configure:3138: checking for suffix of object files
configure:3160: g++ -c   conftest.cpp >&5
configure:3164: $? = 0
configure:3185: result: o
configure:3189: checking whether we are using the GNU C++ compiler
configure:3208: g++ -c   conftest.cpp >&5
configure:3208: $? = 0
configure:3217: result: yes
configure:3226: checking whether g++ accepts -g
configure:3246: g++ -c -g  conftest.cpp >&5
configure:3246: $? = 0
configure:3287: result: yes
configure:3321: checking for style of include used by make
configure:3349: result: GNU
configure:3375: checking dependency style of g++
configure:3486: result: gcc3
configure:3530: checking build system type
configure:3544: result: x86_64-unknown-linux-gnu
configure:3564: checking host system type
configure:3577: result: x86_64-unknown-linux-gnu
configure:3618: checking how to print strings
configure:3645: result: printf
configure:3714: checking for gcc
configure:3730: found /usr/bin/gcc
configure:3741: result: gcc
configure:3970: checking for C compiler version
configure:3979: gcc --version >&5
gcc (Ubuntu/Linaro 4.6.3-1ubuntu5) 4.6.3
Copyright (C) 2011 Free Software Foundation, Inc.
This is free software; see the source for copying conditions.  There is NO
warranty; not even for MERCHANTABILITY or FITNESS FOR A PARTICULAR PURPOSE.

configure:3990: $? = 0
configure:3979: gcc -v >&5
Using built-in specs.
COLLECT_GCC=gcc
COLLECT_LTO_WRAPPER=/usr/lib/gcc/x86_64-linux-gnu/4.6/lto-wrapper
Target: x86_64-linux-gnu
Configured with: ../src/configure -v --with-pkgversion='Ubuntu/Linaro 4.6.3-1ubuntu5' --with-bugurl=file:///usr/share/doc/gcc-4.6/README.Bugs --enable-languages=c,c++,fortran,objc,obj-c++ --prefix=/usr --program-suffix=-4.6 --enable-shared --enable-linker-build-id --with-system-zlib --libexecdir=/usr/lib --without-included-gettext --enable-threads=posix --with-gxx-include-dir=/usr/include/c++/4.6 --libdir=/usr/lib --enable-nls --with-sysroot=/ --enable-clocale=gnu --enable-libstdcxx-debug --enable-libstdcxx-time=yes --enable-gnu-unique-object --enable-plugin --enable-objc-gc --disable-werror --with-arch-32=i686 --with-tune=generic --enable-checking=release --build=x86_64-linux-gnu --host=x86_64-linux-gnu --target=x86_64-linux-gnu
Thread model: posix
gcc version 4.6.3 (Ubuntu/Linaro 4.6.3-1ubuntu5) 
configure:3990: $? = 0
configure:3979: gcc -V >&5
gcc: error: unrecognized option '-V'
gcc: fatal error: no input files
compilation terminated.
configure:3990: $? = 4
configure:3979: gcc -qversion >&5
gcc: error: unrecognized option '-qversion'
gcc: fatal error: no input files
compilation terminated.
configure:3990: $? = 4
configure:3994: checking whether we are using the GNU C compiler
configure:4013: gcc -c   conftest.c >&5
configure:4013: $? = 0
configure:4022: result: yes
configure:4031: checking whether gcc accepts -g
configure:4051: gcc -c -g  conftest.c >&5
configure:4051: $? = 0
configure:4092: result: yes
configure:4109: checking for gcc option to accept ISO C89
configure:4173: gcc  -c -g -O2  conftest.c >&5
configure:4173: $? = 0
configure:4186: result: none needed
configure:4208: checking dependency style of gcc
configure:4319: result: gcc3
configure:4334: checking for a sed that does not truncate output
configure:4398: result: /bin/sed
configure:4416: checking for grep that handles long lines and -e
configure:4474: result: /bin/grep
configure:4479: checking for egrep
configure:4541: result: /bin/grep -E
configure:4546: checking for fgrep
configure:4608: result: /bin/grep -F
configure:4643: checking for ld used by gcc
configure:4710: result: /usr/bin/ld
configure:4717: checking if the linker (/usr/bin/ld) is GNU ld
configure:4732: result: yes
configure:4744: checking for BSD- or MS-compatible name lister (nm)
configure:4793: result: /usr/bin/nm -B
configure:4923: checking the name lister (/usr/bin/nm -B) interface
configure:4930: g++ -c -g -O2  conftest.cpp >&5
configure:4933: /usr/bin/nm -B "conftest.o"
configure:4936: output
0000000000000000 B some_variable
configure:4943: result: BSD nm
configure:4946: checking whether ln -s works
configure:4950: result: yes
configure:4958: checking the maximum length of command line arguments
configure:5088: result: 1572864
configure:5105: checking whether the shell understands some XSI constructs
configure:5115: result: yes
configure:5119: checking whether the shell understands "+="
configure:5125: result: yes
configure:5160: checking how to convert x86_64-unknown-linux-gnu file names to x86_64-unknown-linux-gnu format
configure:5200: result: func_convert_file_noop
configure:5207: checking how to convert x86_64-unknown-linux-gnu file names to toolchain format
configure:5227: result: func_convert_file_noop
configure:5234: checking for /usr/bin/ld option to reload object files
configure:5241: result: -r
configure:5315: checking for objdump
configure:5331: found /usr/bin/objdump
configure:5342: result: objdump
configure:5374: checking how to recognize dependent libraries
configure:5576: result: pass_all
configure:5661: checking for dlltool
configure:5691: result: no
configure:5721: checking how to associate runtime and link libraries
configure:5748: result: printf %s\n
configure:5809: checking for ar
configure:5825: found /usr/bin/ar
configure:5836: result: ar
configure:5873: checking for archiver @FILE support
configure:5890: g++ -c -g -O2  conftest.cpp >&5
configure:5890: $? = 0
configure:5893: ar cru libconftest.a @conftest.lst >&5
configure:5896: $? = 0
configure:5901: ar cru libconftest.a @conftest.lst >&5
ar: conftest.o: No such file or directory
configure:5904: $? = 1
configure:5916: result: @
configure:5974: checking for strip
configure:5990: found /usr/bin/strip
configure:6001: result: strip
configure:6073: checking for ranlib
configure:6089: found /usr/bin/ranlib
configure:6100: result: ranlib
configure:6202: checking command to parse /usr/bin/nm -B output from gcc object
configure:6322: g++ -c -g -O2  conftest.cpp >&5
configure:6325: $? = 0
configure:6329: /usr/bin/nm -B conftest.o \| sed -n -e 's/^.*[ ]\([ABCDGIRSTW][ABCDGIRSTW]*\)[ ][ ]*\([_A-Za-z][_A-Za-z0-9]*\)$/\1 \2 \2/p' | sed '/ __gnu_lto/d' \> conftest.nm
configure:6332: $? = 0
configure:6398: g++ -o conftest -g -O2   conftest.cpp conftstm.o >&5
configure:6401: $? = 0
configure:6439: result: ok
configure:6476: checking for sysroot
configure:6506: result: no
configure:6584: g++ -c -g -O2  conftest.cpp >&5
configure:6587: $? = 0
configure:6763: checking for mt
configure:6779: found /bin/mt
configure:6790: result: mt
configure:6813: checking if mt is a manifest tool
configure:6819: mt '-?'
configure:6827: result: no
configure:7469: checking how to run the C preprocessor
configure:7500: gcc -E  conftest.c
configure:7500: $? = 0
configure:7514: gcc -E  conftest.c
conftest.c:11:28: fatal error: ac_nonexistent.h: No such file or directory
compilation terminated.
configure:7514: $? = 1
configure: failed program was:
| /* confdefs.h */
| #define PACKAGE_NAME ""
| #define PACKAGE_TARNAME ""
| #define PACKAGE_VERSION ""
| #define PACKAGE_STRING ""
| #define PACKAGE_BUGREPORT ""
| #define PACKAGE_URL ""
| #define PACKAGE "SampleApp"
| #define VERSION "0.1"
| /* end confdefs.h.  */
| #include <ac_nonexistent.h>
configure:7539: result: gcc -E
configure:7559: gcc -E  conftest.c
configure:7559: $? = 0
configure:7573: gcc -E  conftest.c
conftest.c:11:28: fatal error: ac_nonexistent.h: No such file or directory
compilation terminated.
configure:7573: $? = 1
configure: failed program was:
| /* confdefs.h */
| #define PACKAGE_NAME ""
| #define PACKAGE_TARNAME ""
| #define PACKAGE_VERSION ""
| #define PACKAGE_STRING ""
| #define PACKAGE_BUGREPORT ""
| #define PACKAGE_URL ""
| #define PACKAGE "SampleApp"
| #define VERSION "0.1"
| /* end confdefs.h.  */
| #include <ac_nonexistent.h>
configure:7602: checking for ANSI C header files
configure:7622: gcc -c -g -O2  conftest.c >&5
configure:7622: $? = 0
configure:7695: gcc -o conftest -g -O2   conftest.c  >&5
configure:7695: $? = 0
configure:7695: ./conftest
configure:7695: $? = 0
configure:7706: result: yes
configure:7719: checking for sys/types.h
configure:7719: gcc -c -g -O2  conftest.c >&5
configure:7719: $? = 0
configure:7719: result: yes
configure:7719: checking for sys/stat.h
configure:7719: gcc -c -g -O2  conftest.c >&5
configure:7719: $? = 0
configure:7719: result: yes
configure:7719: checking for stdlib.h
configure:7719: gcc -c -g -O2  conftest.c >&5
configure:7719: $? = 0
configure:7719: result: yes
configure:7719: checking for string.h
configure:7719: gcc -c -g -O2  conftest.c >&5
configure:7719: $? = 0
configure:7719: result: yes
configure:7719: checking for memory.h
configure:7719: gcc -c -g -O2  conftest.c >&5
configure:7719: $? = 0
configure:7719: result: yes
configure:7719: checking for strings.h
configure:7719: gcc -c -g -O2  conftest.c >&5
configure:7719: $? = 0
configure:7719: result: yes
configure:7719: checking for inttypes.h
configure:7719: gcc -c -g -O2  conftest.c >&5
configure:7719: $? = 0
configure:7719: result: yes
configure:7719: checking for stdint.h
configure:7719: gcc -c -g -O2  conftest.c >&5
configure:7719: $? = 0
configure:7719: result: yes
configure:7719: checking for unistd.h
configure:7719: gcc -c -g -O2  conftest.c >&5
configure:7719: $? = 0
configure:7719: result: yes
configure:7733: checking for dlfcn.h
configure:7733: gcc -c -g -O2  conftest.c >&5
configure:7733: $? = 0
configure:7733: result: yes
configure:7949: checking for objdir
configure:7964: result: .libs
configure:8231: checking if gcc supports -fno-rtti -fno-exceptions
configure:8249: gcc -c -g -O2  -fno-rtti -fno-exceptions conftest.c >&5
cc1: warning: command line option '-fno-rtti' is valid for C++/ObjC++ but not for C [enabled by default]
configure:8253: $? = 0
configure:8266: result: no
configure:8593: checking for gcc option to produce PIC
configure:8600: result: -fPIC -DPIC
configure:8608: checking if gcc PIC flag -fPIC -DPIC works
configure:8626: gcc -c -g -O2  -fPIC -DPIC -DPIC conftest.c >&5
configure:8630: $? = 0
configure:8643: result: yes
configure:8672: checking if gcc static flag -static works
configure:8700: result: yes
configure:8715: checking if gcc supports -c -o file.o
configure:8736: gcc -c -g -O2  -o out/conftest2.o conftest.c >&5
configure:8740: $? = 0
configure:8762: result: yes
configure:8770: checking if gcc supports -c -o file.o
configure:8817: result: yes
configure:8850: checking whether the gcc linker (/usr/bin/ld -m elf_x86_64) supports shared libraries
configure:10007: result: yes
configure:10044: checking whether -lc should be explicitly linked in
configure:10052: gcc -c -g -O2  conftest.c >&5
configure:10055: $? = 0
configure:10070: gcc -shared  -fPIC -DPIC conftest.o  -v -Wl,-soname -Wl,conftest -o conftest 2\>\&1 \| /bin/grep  -lc  \>/dev/null 2\>\&1
configure:10073: $? = 0
configure:10087: result: no
configure:10247: checking dynamic linker characteristics
configure:10758: gcc -o conftest -g -O2   -Wl,-rpath -Wl,/foo conftest.c  >&5
configure:10758: $? = 0
configure:10992: result: GNU/Linux ld.so
configure:11099: checking how to hardcode library paths into programs
configure:11124: result: immediate
configure:11664: checking whether stripping libraries is possible
configure:11669: result: yes
configure:11704: checking if libtool supports shared libraries
configure:11706: result: yes
configure:11709: checking whether to build shared libraries
configure:11730: result: yes
configure:11733: checking whether to build static libraries
configure:11737: result: yes
configure:11760: checking how to run the C++ preprocessor
configure:11787: g++ -E  conftest.cpp
configure:11787: $? = 0
configure:11801: g++ -E  conftest.cpp
conftest.cpp:23:28: fatal error: ac_nonexistent.h: No such file or directory
compilation terminated.
configure:11801: $? = 1
configure: failed program was:
| /* confdefs.h */
| #define PACKAGE_NAME ""
| #define PACKAGE_TARNAME ""
| #define PACKAGE_VERSION ""
| #define PACKAGE_STRING ""
| #define PACKAGE_BUGREPORT ""
| #define PACKAGE_URL ""
| #define PACKAGE "SampleApp"
| #define VERSION "0.1"
| #define STDC_HEADERS 1
| #define HAVE_SYS_TYPES_H 1
| #define HAVE_SYS_STAT_H 1
| #define HAVE_STDLIB_H 1
| #define HAVE_STRING_H 1
| #define HAVE_MEMORY_H 1
| #define HAVE_STRINGS_H 1
| #define HAVE_INTTYPES_H 1
| #define HAVE_STDINT_H 1
| #define HAVE_UNISTD_H 1
| #define HAVE_DLFCN_H 1
| #define LT_OBJDIR ".libs/"
| /* end confdefs.h.  */
| #include <ac_nonexistent.h>
configure:11826: result: g++ -E
configure:11846: g++ -E  conftest.cpp
configure:11846: $? = 0
configure:11860: g++ -E  conftest.cpp
conftest.cpp:23:28: fatal error: ac_nonexistent.h: No such file or directory
compilation terminated.
configure:11860: $? = 1
configure: failed program was:
| /* confdefs.h */
| #define PACKAGE_NAME ""
| #define PACKAGE_TARNAME ""
| #define PACKAGE_VERSION ""
| #define PACKAGE_STRING ""
| #define PACKAGE_BUGREPORT ""
| #define PACKAGE_URL ""
| #define PACKAGE "SampleApp"
| #define VERSION "0.1"
| #define STDC_HEADERS 1
| #define HAVE_SYS_TYPES_H 1
| #define HAVE_SYS_STAT_H 1
| #define HAVE_STDLIB_H 1
| #define HAVE_STRING_H 1
| #define HAVE_MEMORY_H 1
| #define HAVE_STRINGS_H 1
| #define HAVE_INTTYPES_H 1
| #define HAVE_STDINT_H 1
| #define HAVE_UNISTD_H 1
| #define HAVE_DLFCN_H 1
| #define LT_OBJDIR ".libs/"
| /* end confdefs.h.  */
| #include <ac_nonexistent.h>
configure:12029: checking for ld used by g++
configure:12096: result: /usr/bin/ld -m elf_x86_64
configure:12103: checking if the linker (/usr/bin/ld -m elf_x86_64) is GNU ld
configure:12118: result: yes
configure:12173: checking whether the g++ linker (/usr/bin/ld -m elf_x86_64) supports shared libraries
configure:13178: result: yes
configure:13214: g++ -c -g -O2  conftest.cpp >&5
configure:13217: $? = 0
configure:13737: checking for g++ option to produce PIC
configure:13744: result: -fPIC -DPIC
configure:13752: checking if g++ PIC flag -fPIC -DPIC works
configure:13770: g++ -c -g -O2  -fPIC -DPIC -DPIC conftest.cpp >&5
configure:13774: $? = 0
configure:13787: result: yes
configure:13810: checking if g++ static flag -static works
configure:13838: result: yes
configure:13850: checking if g++ supports -c -o file.o
configure:13871: g++ -c -g -O2  -o out/conftest2.o conftest.cpp >&5
configure:13875: $? = 0
configure:13897: result: yes
configure:13902: checking if g++ supports -c -o file.o
configure:13949: result: yes
configure:13979: checking whether the g++ linker (/usr/bin/ld -m elf_x86_64) supports shared libraries
configure:14018: result: yes
configure:14159: checking dynamic linker characteristics
configure:14838: result: GNU/Linux ld.so
configure:14891: checking how to hardcode library paths into programs
configure:14916: result: immediate
configure:15032: checking for pkg-config
configure:15050: found /usr/bin/pkg-config
configure:15062: result: /usr/bin/pkg-config
configure:15087: checking pkg-config is at least version 0.9.0
configure:15090: result: yes
configure:15100: checking for OGRE
configure:15107: $PKG_CONFIG --exists --print-errors "OGRE >= 1.2"
configure:15110: $? = 0
configure:15124: $PKG_CONFIG --exists --print-errors "OGRE >= 1.2"
configure:15127: $? = 0
configure:15185: result: yes
configure:15194: checking for OGRE_TERRAIN
configure:15201: $PKG_CONFIG --exists --print-errors "OGRE-Terrain >= 1.2"
configure:15204: $? = 0
configure:15218: $PKG_CONFIG --exists --print-errors "OGRE-Terrain >= 1.2"
configure:15221: $? = 0
configure:15279: result: yes
configure:15288: checking for CEGUI
configure:15295: $PKG_CONFIG --exists --print-errors "CEGUI >= 0.7"
configure:15298: $? = 0
configure:15312: $PKG_CONFIG --exists --print-errors "CEGUI >= 0.7"
configure:15315: $? = 0
configure:15373: result: yes
configure:15382: checking for CEGUI_OGRE
configure:15389: $PKG_CONFIG --exists --print-errors "CEGUI-OGRE >= 0.7"
configure:15392: $? = 0
configure:15406: $PKG_CONFIG --exists --print-errors "CEGUI-OGRE >= 0.7"
configure:15409: $? = 0
configure:15467: result: yes
configure:15476: checking for OIS
configure:15483: $PKG_CONFIG --exists --print-errors "OIS >= 1.0"
configure:15486: $? = 0
configure:15500: $PKG_CONFIG --exists --print-errors "OIS >= 1.0"
configure:15503: $? = 0
configure:15561: result: yes
configure:15570: checking for bullet
configure:15577: $PKG_CONFIG --exists --print-errors "bullet >= 2.79"
configure:15580: $? = 0
configure:15594: $PKG_CONFIG --exists --print-errors "bullet >= 2.79"
configure:15597: $? = 0
configure:15655: result: yes
configure:15664: checking for sdl
configure:15671: $PKG_CONFIG --exists --print-errors "sdl >= 0.0"
configure:15674: $? = 0
configure:15688: $PKG_CONFIG --exists --print-errors "sdl >= 0.0"
configure:15691: $? = 0
configure:15749: result: yes
configure:15758: checking for SDL_net
configure:15765: $PKG_CONFIG --exists --print-errors "SDL_net >= 0.0"
configure:15768: $? = 0
configure:15782: $PKG_CONFIG --exists --print-errors "SDL_net >= 0.0"
configure:15785: $? = 0
configure:15843: result: yes
configure:15986: creating ./config.status

## ---------------------- ##
## Running config.status. ##
## ---------------------- ##

This file was extended by config.status, which was
generated by GNU Autoconf 2.68.  Invocation command line was

  CONFIG_FILES    = 
  CONFIG_HEADERS  = 
  CONFIG_LINKS    = 
  CONFIG_COMMANDS = 
  $ ./config.status 

on jelly-belly

config.status:1172: creating Makefile
config.status:1172: creating config.h
config.status:1353: config.h is unchanged
config.status:1401: executing depfiles commands
config.status:1401: executing libtool commands

## ---------------- ##
## Cache variables. ##
## ---------------- ##

ac_cv_build=x86_64-unknown-linux-gnu
ac_cv_c_compiler_gnu=yes
ac_cv_cxx_compiler_gnu=yes
ac_cv_env_CCC_set=
ac_cv_env_CCC_value=
ac_cv_env_CC_set=
ac_cv_env_CC_value=
ac_cv_env_CEGUI_CFLAGS_set=
ac_cv_env_CEGUI_CFLAGS_value=
ac_cv_env_CEGUI_LIBS_set=
ac_cv_env_CEGUI_LIBS_value=
ac_cv_env_CEGUI_OGRE_CFLAGS_set=
ac_cv_env_CEGUI_OGRE_CFLAGS_value=
ac_cv_env_CEGUI_OGRE_LIBS_set=
ac_cv_env_CEGUI_OGRE_LIBS_value=
ac_cv_env_CFLAGS_set=
ac_cv_env_CFLAGS_value=
ac_cv_env_CPPFLAGS_set=
ac_cv_env_CPPFLAGS_value=
ac_cv_env_CPP_set=
ac_cv_env_CPP_value=
ac_cv_env_CXXCPP_set=
ac_cv_env_CXXCPP_value=
ac_cv_env_CXXFLAGS_set=
ac_cv_env_CXXFLAGS_value=
ac_cv_env_CXX_set=
ac_cv_env_CXX_value=
ac_cv_env_LDFLAGS_set=
ac_cv_env_LDFLAGS_value=
ac_cv_env_LIBS_set=
ac_cv_env_LIBS_value=
ac_cv_env_OGRE_CFLAGS_set=
ac_cv_env_OGRE_CFLAGS_value=
ac_cv_env_OGRE_LIBS_set=
ac_cv_env_OGRE_LIBS_value=
ac_cv_env_OGRE_TERRAIN_CFLAGS_set=
ac_cv_env_OGRE_TERRAIN_CFLAGS_value=
ac_cv_env_OGRE_TERRAIN_LIBS_set=
ac_cv_env_OGRE_TERRAIN_LIBS_value=
ac_cv_env_OIS_CFLAGS_set=
ac_cv_env_OIS_CFLAGS_value=
ac_cv_env_OIS_LIBS_set=
ac_cv_env_OIS_LIBS_value=
ac_cv_env_PKG_CONFIG_LIBDIR_set=
ac_cv_env_PKG_CONFIG_LIBDIR_value=
ac_cv_env_PKG_CONFIG_PATH_set=
ac_cv_env_PKG_CONFIG_PATH_value=
ac_cv_env_PKG_CONFIG_set=
ac_cv_env_PKG_CONFIG_value=
ac_cv_env_SDL_net_CFLAGS_set=
ac_cv_env_SDL_net_CFLAGS_value=
ac_cv_env_SDL_net_LIBS_set=
ac_cv_env_SDL_net_LIBS_value=
ac_cv_env_build_alias_set=
ac_cv_env_build_alias_value=
ac_cv_env_bullet_CFLAGS_set=
ac_cv_env_bullet_CFLAGS_value=
ac_cv_env_bullet_LIBS_set=
ac_cv_env_bullet_LIBS_value=
ac_cv_env_host_alias_set=
ac_cv_env_host_alias_value=
ac_cv_env_sdl_CFLAGS_set=
ac_cv_env_sdl_CFLAGS_value=
ac_cv_env_sdl_LIBS_set=
ac_cv_env_sdl_LIBS_value=
ac_cv_env_target_alias_set=
ac_cv_env_target_alias_value=
ac_cv_header_dlfcn_h=yes
ac_cv_header_inttypes_h=yes
ac_cv_header_memory_h=yes
ac_cv_header_stdc=yes
ac_cv_header_stdint_h=yes
ac_cv_header_stdlib_h=yes
ac_cv_header_string_h=yes
ac_cv_header_strings_h=yes
ac_cv_header_sys_stat_h=yes
ac_cv_header_sys_types_h=yes
ac_cv_header_unistd_h=yes
ac_cv_host=x86_64-unknown-linux-gnu
ac_cv_objext=o
ac_cv_path_EGREP='/bin/grep -E'
ac_cv_path_FGREP='/bin/grep -F'
ac_cv_path_GREP=/bin/grep
ac_cv_path_SED=/bin/sed
ac_cv_path_ac_pt_PKG_CONFIG=/usr/bin/pkg-config
ac_cv_path_install='/usr/bin/install -c'
ac_cv_path_mkdir=/bin/mkdir
ac_cv_prog_AWK=gawk
ac_cv_prog_CPP='gcc -E'
ac_cv_prog_CXXCPP='g++ -E'
ac_cv_prog_ac_ct_AR=ar
ac_cv_prog_ac_ct_CC=gcc
ac_cv_prog_ac_ct_CXX=g++
ac_cv_prog_ac_ct_MANIFEST_TOOL=mt
ac_cv_prog_ac_ct_OBJDUMP=objdump
ac_cv_prog_ac_ct_RANLIB=ranlib
ac_cv_prog_ac_ct_STRIP=strip
ac_cv_prog_cc_c89=
ac_cv_prog_cc_g=yes
ac_cv_prog_cxx_g=yes
ac_cv_prog_make_make_set=yes
am_cv_CC_dependencies_compiler_type=gcc3
am_cv_CXX_dependencies_compiler_type=gcc3
lt_cv_ar_at_file=@
lt_cv_archive_cmds_need_lc=no
lt_cv_deplibs_check_method=pass_all
lt_cv_file_magic_cmd='$MAGIC_CMD'
lt_cv_file_magic_test_file=
lt_cv_ld_reload_flag=-r
lt_cv_nm_interface='BSD nm'
lt_cv_objdir=.libs
lt_cv_path_LD=/usr/bin/ld
lt_cv_path_LDCXX='/usr/bin/ld -m elf_x86_64'
lt_cv_path_NM='/usr/bin/nm -B'
lt_cv_path_mainfest_tool=no
lt_cv_prog_compiler_c_o=yes
lt_cv_prog_compiler_c_o_CXX=yes
lt_cv_prog_compiler_pic='-fPIC -DPIC'
lt_cv_prog_compiler_pic_CXX='-fPIC -DPIC'
lt_cv_prog_compiler_pic_works=yes
lt_cv_prog_compiler_pic_works_CXX=yes
lt_cv_prog_compiler_rtti_exceptions=no
lt_cv_prog_compiler_static_works=yes
lt_cv_prog_compiler_static_works_CXX=yes
lt_cv_prog_gnu_ld=yes
lt_cv_prog_gnu_ldcxx=yes
lt_cv_sharedlib_from_linklib_cmd='printf %s\n'
lt_cv_shlibpath_overrides_runpath=no
lt_cv_sys_global_symbol_pipe='sed -n -e '\''s/^.*[	 ]\([ABCDGIRSTW][ABCDGIRSTW]*\)[	 ][	 ]*\([_A-Za-z][_A-Za-z0-9]*\)$/\1 \2 \2/p'\'' | sed '\''/ __gnu_lto/d'\'''
lt_cv_sys_global_symbol_to_c_name_address='sed -n -e '\''s/^: \([^ ]*\)[ ]*$/  {\"\1\", (void *) 0},/p'\'' -e '\''s/^[ABCDGIRSTW]* \([^ ]*\) \([^ ]*\)$/  {"\2", (void *) \&\2},/p'\'''
lt_cv_sys_global_symbol_to_c_name_address_lib_prefix='sed -n -e '\''s/^: \([^ ]*\)[ ]*$/  {\"\1\", (void *) 0},/p'\'' -e '\''s/^[ABCDGIRSTW]* \([^ ]*\) \(lib[^ ]*\)$/  {"\2", (void *) \&\2},/p'\'' -e '\''s/^[ABCDGIRSTW]* \([^ ]*\) \([^ ]*\)$/  {"lib\2", (void *) \&\2},/p'\'''
lt_cv_sys_global_symbol_to_cdecl='sed -n -e '\''s/^T .* \(.*\)$/extern int \1();/p'\'' -e '\''s/^[ABCDGIRSTW]* .* \(.*\)$/extern char \1;/p'\'''
lt_cv_sys_max_cmd_len=1572864
lt_cv_to_host_file_cmd=func_convert_file_noop
lt_cv_to_tool_file_cmd=func_convert_file_noop
pkg_cv_CEGUI_CFLAGS='-I/lusr/opt/cegui-0.7.6/include -I/lusr/opt/cegui-0.7.6/include/CEGUI  '
pkg_cv_CEGUI_LIBS='-L/lusr/opt/cegui-0.7.6/lib -lCEGUIBase  '
pkg_cv_CEGUI_OGRE_CFLAGS='-pthread -I/lusr/opt/cegui-0.7.6/include -I/lusr/opt/cegui-0.7.6/include/CEGUI -I/usr/include/OGRE  '
pkg_cv_CEGUI_OGRE_LIBS='-L/lusr/opt/cegui-0.7.6/lib -lCEGUIOgreRenderer -lOgreMain -lpthread -lCEGUIBase  '
pkg_cv_OGRE_CFLAGS='-pthread -I/usr/include/OGRE  '
pkg_cv_OGRE_LIBS='-lOgreMain -lpthread  '
pkg_cv_OGRE_TERRAIN_CFLAGS='-pthread -I/usr/include/OGRE/Terrain -I/usr/include/OGRE -I/usr/include/OGRE/Paging  '
pkg_cv_OGRE_TERRAIN_LIBS='-lOgreTerrain -lOgrePaging -lOgreMain -lpthread  '
pkg_cv_OIS_CFLAGS='-I/usr/include/OIS  '
pkg_cv_OIS_LIBS='-lOIS  '
pkg_cv_SDL_net_CFLAGS='-D_GNU_SOURCE=1 -D_REENTRANT -I/usr/include/SDL  '
pkg_cv_SDL_net_LIBS='-lSDL_net -lSDL  '
pkg_cv_bullet_CFLAGS='-I/usr/local/include/bullet  '
pkg_cv_bullet_LIBS='-L/usr/local/lib -lBulletSoftBody -lBulletDynamics -lBulletCollision -lLinearMath  '
pkg_cv_sdl_CFLAGS='-D_GNU_SOURCE=1 -D_REENTRANT -I/usr/include/SDL  '
pkg_cv_sdl_LIBS='-lSDL  '

## ----------------- ##
## Output variables. ##
## ----------------- ##

ACLOCAL='${SHELL} /v/filer4b/v38q001/drmoreno/CS378-GT/WW3/missing --run aclocal-1.11'
AMDEPBACKSLASH='\'
AMDEP_FALSE='#'
AMDEP_TRUE=''
AMTAR='$${TAR-tar}'
AR='ar'
AUTOCONF='${SHELL} /v/filer4b/v38q001/drmoreno/CS378-GT/WW3/missing --run autoconf'
AUTOHEADER='${SHELL} /v/filer4b/v38q001/drmoreno/CS378-GT/WW3/missing --run autoheader'
AUTOMAKE='${SHELL} /v/filer4b/v38q001/drmoreno/CS378-GT/WW3/missing --run automake-1.11'
AWK='gawk'
BULLET_CFLAGS=''
BULLET_LIBS=''
CC='gcc'
CCDEPMODE='depmode=gcc3'
CEGUI_CFLAGS='-I/lusr/opt/cegui-0.7.6/include -I/lusr/opt/cegui-0.7.6/include/CEGUI  '
CEGUI_LIBS='-L/lusr/opt/cegui-0.7.6/lib -lCEGUIBase  '
CEGUI_OGRE_CFLAGS='-pthread -I/lusr/opt/cegui-0.7.6/include -I/lusr/opt/cegui-0.7.6/include/CEGUI -I/usr/include/OGRE  '
CEGUI_OGRE_LIBS='-L/lusr/opt/cegui-0.7.6/lib -lCEGUIOgreRenderer -lOgreMain -lpthread -lCEGUIBase  '
CFLAGS='-g -O2'
CPP='gcc -E'
CPPFLAGS=''
CXX='g++'
CXXCPP='g++ -E'
CXXDEPMODE='depmode=gcc3'
CXXFLAGS='-g -O2'
CYGPATH_W='echo'
DEFS='-DHAVE_CONFIG_H'
DEPDIR='.deps'
DLLTOOL='false'
DSYMUTIL=''
DUMPBIN=''
ECHO_C=''
ECHO_N='-n'
ECHO_T=''
EGREP='/bin/grep -E'
EXEEXT=''
FGREP='/bin/grep -F'
GREP='/bin/grep'
INSTALL_DATA='${INSTALL} -m 644'
INSTALL_PROGRAM='${INSTALL}'
INSTALL_SCRIPT='${INSTALL}'
INSTALL_STRIP_PROGRAM='$(install_sh) -c -s'
LD='/usr/bin/ld -m elf_x86_64'
LDFLAGS=''
LIBOBJS=''
LIBS=''
LIBTOOL='$(SHELL) $(top_builddir)/libtool'
LIPO=''
LN_S='ln -s'
LTLIBOBJS=''
MAKEINFO='${SHELL} /v/filer4b/v38q001/drmoreno/CS378-GT/WW3/missing --run makeinfo'
MANIFEST_TOOL=':'
MKDIR_P='/bin/mkdir -p'
NM='/usr/bin/nm -B'
NMEDIT=''
OBJDUMP='objdump'
OBJEXT='o'
OGRE_CFLAGS='-pthread -I/usr/include/OGRE  '
OGRE_LIBS='-lOgreMain -lpthread  '
OGRE_TERRAIN_CFLAGS='-pthread -I/usr/include/OGRE/Terrain -I/usr/include/OGRE -I/usr/include/OGRE/Paging  '
OGRE_TERRAIN_LIBS='-lOgreTerrain -lOgrePaging -lOgreMain -lpthread  '
OIS_CFLAGS='-I/usr/include/OIS  '
OIS_LIBS='-lOIS  '
OTOOL64=''
OTOOL=''
PACKAGE='SampleApp'
PACKAGE_BUGREPORT=''
PACKAGE_NAME=''
PACKAGE_STRING=''
PACKAGE_TARNAME=''
PACKAGE_URL=''
PACKAGE_VERSION=''
PATH_SEPARATOR=':'
PKG_CONFIG='/usr/bin/pkg-config'
PKG_CONFIG_LIBDIR=''
PKG_CONFIG_PATH=''
RANLIB='ranlib'
SDL_net_CFLAGS='-D_GNU_SOURCE=1 -D_REENTRANT -I/usr/include/SDL  '
SDL_net_LIBS='-lSDL_net -lSDL  '
SED='/bin/sed'
SET_MAKE=''
SHELL='/bin/bash'
STRIP='strip'
VERSION='0.1'
ac_ct_AR='ar'
ac_ct_CC='gcc'
ac_ct_CXX='g++'
ac_ct_DUMPBIN=''
am__EXEEXT_FALSE=''
am__EXEEXT_TRUE='#'
am__fastdepCC_FALSE='#'
am__fastdepCC_TRUE=''
am__fastdepCXX_FALSE='#'
am__fastdepCXX_TRUE=''
am__include='include'
am__isrc=''
am__leading_dot='.'
am__nodep='_no'
am__quote=''
am__tar='$${TAR-tar} chof - "$$tardir"'
am__untar='$${TAR-tar} xf -'
bindir='${exec_prefix}/bin'
build='x86_64-unknown-linux-gnu'
build_alias=''
build_cpu='x86_64'
build_os='linux-gnu'
build_vendor='unknown'
bullet_CFLAGS='-I/usr/local/include/bullet  '
bullet_LIBS='-L/usr/local/lib -lBulletSoftBody -lBulletDynamics -lBulletCollision -lLinearMath  '
datadir='${datarootdir}'
datarootdir='${prefix}/share'
docdir='${datarootdir}/doc/${PACKAGE}'
dvidir='${docdir}'
exec_prefix='${prefix}'
host='x86_64-unknown-linux-gnu'
host_alias=''
host_cpu='x86_64'
host_os='linux-gnu'
host_vendor='unknown'
htmldir='${docdir}'
includedir='${prefix}/include'
infodir='${datarootdir}/info'
install_sh='${SHELL} /v/filer4b/v38q001/drmoreno/CS378-GT/WW3/install-sh'
libdir='${exec_prefix}/lib'
libexecdir='${exec_prefix}/libexec'
localedir='${datarootdir}/locale'
localstatedir='${prefix}/var'
mandir='${datarootdir}/man'
mkdir_p='/bin/mkdir -p'
oldincludedir='/usr/include'
pdfdir='${docdir}'
prefix='/usr/local'
program_transform_name='s,x,x,'
psdir='${docdir}'
sbindir='${exec_prefix}/sbin'
sdl_CFLAGS='-D_GNU_SOURCE=1 -D_REENTRANT -I/usr/include/SDL  '
sdl_LIBS='-lSDL  '
sharedstatedir='${prefix}/com'
sysconfdir='${prefix}/etc'
target_alias=''

## ----------- ##
## confdefs.h. ##
## ----------- ##

/* confdefs.h */
#define PACKAGE_NAME ""
#define PACKAGE_TARNAME ""
#define PACKAGE_VERSION ""
#define PACKAGE_STRING ""
#define PACKAGE_BUGREPORT ""
#define PACKAGE_URL ""
#define PACKAGE "SampleApp"
#define VERSION "0.1"
#define STDC_HEADERS 1
#define HAVE_SYS_TYPES_H 1
#define HAVE_SYS_STAT_H 1
#define HAVE_STDLIB_H 1
#define HAVE_STRING_H 1
#define HAVE_MEMORY_H 1
#define HAVE_STRINGS_H 1
#define HAVE_INTTYPES_H 1
#define HAVE_STDINT_H 1
#define HAVE_UNISTD_H 1
#define HAVE_DLFCN_H 1
#define LT_OBJDIR ".libs/"

configure: exit 0

## ---------------------- ##
## Running config.status. ##
## ---------------------- ##

This file was extended by config.status, which was
generated by GNU Autoconf 2.68.  Invocation command line was

  CONFIG_FILES    = 
  CONFIG_HEADERS  = 
  CONFIG_LINKS    = 
  CONFIG_COMMANDS = 
  $ ./config.status 

on stab-bat

config.status:1172: creating Makefile
config.status:1172: creating config.h
config.status:1353: config.h is unchanged
config.status:1401: executing depfiles commands
config.status:1401: executing libtool commands
